{"C:\\Users\\Natanel\\Downloads\\N.E\\לימודים\\שנה ג\\finalProjectE\\backend\\server.ts": {"path":"C:\\Users\\Natanel\\Downloads\\N.E\\לימודים\\שנה ג\\finalProjectE\\backend\\server.ts","statementMap":{"0":{"start":{"line":1,"column":0},"end":{"line":1,"column":37}},"1":{"start":{"line":2,"column":0},"end":{"line":2,"column":41}},"2":{"start":{"line":3,"column":0},"end":{"line":3,"column":28}},"3":{"start":{"line":4,"column":0},"end":{"line":4,"column":43}},"4":{"start":{"line":5,"column":0},"end":{"line":5,"column":32}},"5":{"start":{"line":6,"column":0},"end":{"line":6,"column":41}},"6":{"start":{"line":7,"column":0},"end":{"line":7,"column":43}},"7":{"start":{"line":8,"column":0},"end":{"line":8,"column":45}},"8":{"start":{"line":9,"column":0},"end":{"line":9,"column":51}},"9":{"start":{"line":10,"column":0},"end":{"line":10,"column":45}},"10":{"start":{"line":11,"column":0},"end":{"line":11,"column":51}},"11":{"start":{"line":13,"column":0},"end":{"line":13,"column":16}},"12":{"start":{"line":14,"column":12},"end":{"line":14,"column":21}},"13":{"start":{"line":15,"column":13},"end":{"line":15,"column":28}},"14":{"start":{"line":17,"column":0},"end":{"line":20,"column":4}},"15":{"start":{"line":24,"column":0},"end":{"line":24,"column":24}},"16":{"start":{"line":25,"column":0},"end":{"line":25,"column":24}},"17":{"start":{"line":26,"column":0},"end":{"line":26,"column":27}},"18":{"start":{"line":27,"column":0},"end":{"line":27,"column":51}},"19":{"start":{"line":28,"column":0},"end":{"line":28,"column":30}},"20":{"start":{"line":29,"column":0},"end":{"line":29,"column":35}},"21":{"start":{"line":30,"column":0},"end":{"line":30,"column":29}},"22":{"start":{"line":31,"column":0},"end":{"line":31,"column":35}},"23":{"start":{"line":32,"column":0},"end":{"line":32,"column":45}},"24":{"start":{"line":37,"column":0},"end":{"line":53,"column":1}},"25":{"start":{"line":38,"column":17},"end":{"line":50,"column":3}},"26":{"start":{"line":51,"column":15},"end":{"line":51,"column":36}},"27":{"start":{"line":52,"column":1},"end":{"line":52,"column":63}},"28":{"start":{"line":56,"column":12},"end":{"line":56,"column":31}},"29":{"start":{"line":57,"column":0},"end":{"line":57,"column":51}},"30":{"start":{"line":57,"column":29},"end":{"line":57,"column":49}},"31":{"start":{"line":58,"column":0},"end":{"line":58,"column":63}},"32":{"start":{"line":58,"column":25},"end":{"line":58,"column":61}},"33":{"start":{"line":61,"column":16},"end":{"line":75,"column":1}},"34":{"start":{"line":62,"column":4},"end":{"line":74,"column":7}},"35":{"start":{"line":63,"column":8},"end":{"line":73,"column":9}},"36":{"start":{"line":64,"column":12},"end":{"line":64,"column":65}},"37":{"start":{"line":67,"column":12},"end":{"line":72,"column":15}},"38":{"start":{"line":69,"column":16},"end":{"line":69,"column":29}},"39":{"start":{"line":71,"column":16},"end":{"line":71,"column":28}},"40":{"start":{"line":76,"column":0},"end":{"line":76,"column":23}}},"fnMap":{"0":{"name":"(anonymous_1)","decl":{"start":{"line":57,"column":18},"end":{"line":57,"column":19}},"loc":{"start":{"line":57,"column":29},"end":{"line":57,"column":49}}},"1":{"name":"(anonymous_2)","decl":{"start":{"line":58,"column":19},"end":{"line":58,"column":22}},"loc":{"start":{"line":58,"column":25},"end":{"line":58,"column":61}}},"2":{"name":"(anonymous_3)","decl":{"start":{"line":61,"column":16},"end":{"line":61,"column":18}},"loc":{"start":{"line":61,"column":20},"end":{"line":75,"column":1}}},"3":{"name":"(anonymous_4)","decl":{"start":{"line":62,"column":33},"end":{"line":62,"column":34}},"loc":{"start":{"line":62,"column":53},"end":{"line":74,"column":5}}},"4":{"name":"(anonymous_5)","decl":{"start":{"line":68,"column":18},"end":{"line":68,"column":21}},"loc":{"start":{"line":68,"column":23},"end":{"line":70,"column":13}}},"5":{"name":"(anonymous_6)","decl":{"start":{"line":70,"column":21},"end":{"line":70,"column":22}},"loc":{"start":{"line":70,"column":29},"end":{"line":72,"column":13}}}},"branchMap":{"0":{"loc":{"start":{"line":37,"column":0},"end":{"line":53,"column":1}},"type":"if","locations":[{"start":{"line":37,"column":0},"end":{"line":53,"column":1}}]},"1":{"loc":{"start":{"line":63,"column":8},"end":{"line":73,"column":9}},"type":"if","locations":[{"start":{"line":63,"column":8},"end":{"line":73,"column":9}},{"start":{"line":66,"column":13},"end":{"line":73,"column":9}}]}},"s":{"0":3,"1":3,"2":3,"3":3,"4":3,"5":3,"6":3,"7":3,"8":3,"9":3,"10":3,"11":3,"12":3,"13":3,"14":3,"15":3,"16":3,"17":3,"18":3,"19":3,"20":3,"21":3,"22":3,"23":3,"24":3,"25":0,"26":0,"27":0,"28":3,"29":3,"30":0,"31":3,"32":3,"33":3,"34":3,"35":3,"36":0,"37":3,"38":3,"39":0,"40":3},"f":{"0":0,"1":3,"2":3,"3":3,"4":3,"5":0},"b":{"0":[0],"1":[0,3]}}
,"C:\\Users\\Natanel\\Downloads\\N.E\\לימודים\\שנה ג\\finalProjectE\\backend\\controller\\authController.ts": {"path":"C:\\Users\\Natanel\\Downloads\\N.E\\לימודים\\שנה ג\\finalProjectE\\backend\\controller\\authController.ts","statementMap":{"0":{"start":{"line":2,"column":0},"end":{"line":2,"column":28}},"1":{"start":{"line":4,"column":0},"end":{"line":4,"column":31}},"2":{"start":{"line":6,"column":0},"end":{"line":6,"column":53}},"3":{"start":{"line":10,"column":17},"end":{"line":41,"column":null}},"4":{"start":{"line":10,"column":55},"end":{"line":41,"column":null}},"5":{"start":{"line":11,"column":28},"end":{"line":11,"column":36}},"6":{"start":{"line":12,"column":17},"end":{"line":12,"column":31}},"7":{"start":{"line":13,"column":20},"end":{"line":13,"column":37}},"8":{"start":{"line":14,"column":16},"end":{"line":14,"column":40}},"9":{"start":{"line":15,"column":16},"end":{"line":15,"column":29}},"10":{"start":{"line":16,"column":22},"end":{"line":16,"column":53}},"11":{"start":{"line":18,"column":4},"end":{"line":23,"column":5}},"12":{"start":{"line":19,"column":8},"end":{"line":19,"column":57}},"13":{"start":{"line":22,"column":8},"end":{"line":22,"column":26}},"14":{"start":{"line":24,"column":22},"end":{"line":24,"column":60}},"15":{"start":{"line":25,"column":4},"end":{"line":28,"column":5}},"16":{"start":{"line":26,"column":8},"end":{"line":26,"column":52}},"17":{"start":{"line":27,"column":8},"end":{"line":27,"column":15}},"18":{"start":{"line":29,"column":4},"end":{"line":40,"column":5}},"19":{"start":{"line":30,"column":26},"end":{"line":36,"column":10}},"20":{"start":{"line":37,"column":8},"end":{"line":37,"column":40}},"21":{"start":{"line":39,"column":8},"end":{"line":39,"column":36}},"22":{"start":{"line":47,"column":22},"end":{"line":70,"column":1}},"23":{"start":{"line":48,"column":4},"end":{"line":50,"column":5}},"24":{"start":{"line":49,"column":8},"end":{"line":49,"column":20}},"25":{"start":{"line":52,"column":19},"end":{"line":52,"column":43}},"26":{"start":{"line":53,"column":24},"end":{"line":59,"column":49}},"27":{"start":{"line":60,"column":25},"end":{"line":65,"column":56}},"28":{"start":{"line":66,"column":4},"end":{"line":69,"column":6}},"29":{"start":{"line":71,"column":14},"end":{"line":127,"column":2}},"30":{"start":{"line":71,"column":52},"end":{"line":127,"column":2}},"31":{"start":{"line":72,"column":4},"end":{"line":126,"column":5}},"32":{"start":{"line":73,"column":28},"end":{"line":73,"column":36}},"33":{"start":{"line":74,"column":17},"end":{"line":74,"column":31}},"34":{"start":{"line":75,"column":20},"end":{"line":75,"column":37}},"35":{"start":{"line":76,"column":21},"end":{"line":77,"column":6}},"36":{"start":{"line":78,"column":4},"end":{"line":120,"column":9}},"37":{"start":{"line":79,"column":8},"end":{"line":79,"column":65}},"38":{"start":{"line":80,"column":8},"end":{"line":80,"column":15}},"39":{"start":{"line":83,"column":29},"end":{"line":83,"column":79}},"40":{"start":{"line":84,"column":8},"end":{"line":87,"column":9}},"41":{"start":{"line":85,"column":12},"end":{"line":85,"column":69}},"42":{"start":{"line":86,"column":12},"end":{"line":86,"column":19}},"43":{"start":{"line":88,"column":8},"end":{"line":91,"column":9}},"44":{"start":{"line":89,"column":12},"end":{"line":89,"column":49}},"45":{"start":{"line":90,"column":12},"end":{"line":90,"column":19}},"46":{"start":{"line":92,"column":21},"end":{"line":92,"column":50}},"47":{"start":{"line":93,"column":8},"end":{"line":96,"column":9}},"48":{"start":{"line":94,"column":12},"end":{"line":94,"column":49}},"49":{"start":{"line":95,"column":12},"end":{"line":95,"column":19}},"50":{"start":{"line":97,"column":8},"end":{"line":99,"column":9}},"51":{"start":{"line":98,"column":12},"end":{"line":98,"column":41}},"52":{"start":{"line":100,"column":8},"end":{"line":100,"column":58}},"53":{"start":{"line":101,"column":8},"end":{"line":101,"column":32}},"54":{"start":{"line":102,"column":8},"end":{"line":108,"column":13}},"55":{"start":{"line":109,"column":8},"end":{"line":117,"column":15}},"56":{"start":{"line":124,"column":8},"end":{"line":124,"column":25}},"57":{"start":{"line":125,"column":8},"end":{"line":125,"column":34}},"58":{"start":{"line":132,"column":30},"end":{"line":154,"column":null}},"59":{"start":{"line":132,"column":88},"end":{"line":154,"column":null}},"60":{"start":{"line":133,"column":23},"end":{"line":133,"column":50}},"61":{"start":{"line":134,"column":18},"end":{"line":134,"column":56}},"62":{"start":{"line":135,"column":4},"end":{"line":138,"column":5}},"63":{"start":{"line":136,"column":8},"end":{"line":136,"column":28}},"64":{"start":{"line":137,"column":8},"end":{"line":137,"column":15}},"65":{"start":{"line":139,"column":4},"end":{"line":142,"column":5}},"66":{"start":{"line":140,"column":8},"end":{"line":140,"column":45}},"67":{"start":{"line":141,"column":8},"end":{"line":141,"column":15}},"68":{"start":{"line":145,"column":4},"end":{"line":153,"column":7}},"69":{"start":{"line":147,"column":8},"end":{"line":150,"column":9}},"70":{"start":{"line":148,"column":12},"end":{"line":148,"column":49}},"71":{"start":{"line":149,"column":12},"end":{"line":149,"column":19}},"72":{"start":{"line":151,"column":8},"end":{"line":151,"column":53}},"73":{"start":{"line":152,"column":8},"end":{"line":152,"column":15}},"74":{"start":{"line":132,"column":13},"end":{"line":132,"column":30}},"75":{"start":{"line":161,"column":27},"end":{"line":208,"column":1}},"76":{"start":{"line":162,"column":4},"end":{"line":207,"column":7}},"77":{"start":{"line":164,"column":8},"end":{"line":167,"column":9}},"78":{"start":{"line":165,"column":12},"end":{"line":165,"column":27}},"79":{"start":{"line":166,"column":12},"end":{"line":166,"column":19}},"80":{"start":{"line":169,"column":8},"end":{"line":172,"column":9}},"81":{"start":{"line":170,"column":12},"end":{"line":170,"column":27}},"82":{"start":{"line":171,"column":12},"end":{"line":171,"column":19}},"83":{"start":{"line":173,"column":8},"end":{"line":206,"column":11}},"84":{"start":{"line":173,"column":92},"end":{"line":206,"column":10}},"85":{"start":{"line":174,"column":12},"end":{"line":177,"column":13}},"86":{"start":{"line":175,"column":16},"end":{"line":175,"column":31}},"87":{"start":{"line":176,"column":16},"end":{"line":176,"column":22}},"88":{"start":{"line":179,"column":27},"end":{"line":179,"column":38}},"89":{"start":{"line":180,"column":12},"end":{"line":205,"column":13}},"90":{"start":{"line":182,"column":29},"end":{"line":182,"column":61}},"91":{"start":{"line":183,"column":16},"end":{"line":186,"column":17}},"92":{"start":{"line":184,"column":20},"end":{"line":184,"column":35}},"93":{"start":{"line":185,"column":20},"end":{"line":185,"column":27}},"94":{"start":{"line":187,"column":16},"end":{"line":192,"column":17}},"95":{"start":{"line":188,"column":20},"end":{"line":188,"column":43}},"96":{"start":{"line":189,"column":20},"end":{"line":189,"column":38}},"97":{"start":{"line":190,"column":20},"end":{"line":190,"column":35}},"98":{"start":{"line":191,"column":20},"end":{"line":191,"column":27}},"99":{"start":{"line":201,"column":16},"end":{"line":201,"column":30}},"100":{"start":{"line":203,"column":16},"end":{"line":203,"column":31}},"101":{"start":{"line":204,"column":16},"end":{"line":204,"column":23}},"102":{"start":{"line":209,"column":15},"end":{"line":224,"column":null}},"103":{"start":{"line":209,"column":53},"end":{"line":224,"column":null}},"104":{"start":{"line":210,"column":4},"end":{"line":223,"column":5}},"105":{"start":{"line":211,"column":21},"end":{"line":211,"column":62}},"106":{"start":{"line":212,"column":8},"end":{"line":215,"column":9}},"107":{"start":{"line":213,"column":12},"end":{"line":213,"column":41}},"108":{"start":{"line":214,"column":12},"end":{"line":214,"column":19}},"109":{"start":{"line":216,"column":8},"end":{"line":216,"column":31}},"110":{"start":{"line":217,"column":8},"end":{"line":217,"column":26}},"111":{"start":{"line":218,"column":8},"end":{"line":218,"column":44}},"112":{"start":{"line":220,"column":8},"end":{"line":220,"column":40}},"113":{"start":{"line":222,"column":8},"end":{"line":222,"column":37}},"114":{"start":{"line":225,"column":16},"end":{"line":262,"column":null}},"115":{"start":{"line":225,"column":54},"end":{"line":262,"column":null}},"116":{"start":{"line":226,"column":4},"end":{"line":261,"column":5}},"117":{"start":{"line":227,"column":29},"end":{"line":227,"column":53}},"118":{"start":{"line":228,"column":8},"end":{"line":232,"column":9}},"119":{"start":{"line":229,"column":12},"end":{"line":229,"column":36}},"120":{"start":{"line":230,"column":12},"end":{"line":230,"column":41}},"121":{"start":{"line":231,"column":12},"end":{"line":231,"column":19}},"122":{"start":{"line":233,"column":21},"end":{"line":233,"column":59}},"123":{"start":{"line":234,"column":8},"end":{"line":237,"column":9}},"124":{"start":{"line":235,"column":12},"end":{"line":235,"column":41}},"125":{"start":{"line":236,"column":12},"end":{"line":236,"column":19}},"126":{"start":{"line":238,"column":23},"end":{"line":238,"column":46}},"127":{"start":{"line":239,"column":8},"end":{"line":242,"column":9}},"128":{"start":{"line":240,"column":12},"end":{"line":240,"column":49}},"129":{"start":{"line":241,"column":12},"end":{"line":241,"column":19}},"130":{"start":{"line":243,"column":8},"end":{"line":245,"column":9}},"131":{"start":{"line":244,"column":12},"end":{"line":244,"column":35}},"132":{"start":{"line":251,"column":8},"end":{"line":251,"column":26}},"133":{"start":{"line":252,"column":8},"end":{"line":257,"column":15}},"134":{"start":{"line":260,"column":8},"end":{"line":260,"column":37}},"135":{"start":{"line":264,"column":13},"end":{"line":288,"column":null}},"136":{"start":{"line":264,"column":51},"end":{"line":288,"column":null}},"137":{"start":{"line":265,"column":4},"end":{"line":287,"column":5}},"138":{"start":{"line":266,"column":21},"end":{"line":266,"column":59}},"139":{"start":{"line":267,"column":8},"end":{"line":270,"column":9}},"140":{"start":{"line":268,"column":12},"end":{"line":268,"column":41}},"141":{"start":{"line":269,"column":12},"end":{"line":269,"column":19}},"142":{"start":{"line":271,"column":27},"end":{"line":271,"column":51}},"143":{"start":{"line":273,"column":8},"end":{"line":282,"column":9}},"144":{"start":{"line":276,"column":12},"end":{"line":278,"column":13}},"145":{"start":{"line":277,"column":16},"end":{"line":277,"column":43}},"146":{"start":{"line":279,"column":12},"end":{"line":279,"column":36}},"147":{"start":{"line":280,"column":13},"end":{"line":280,"column":31}},"148":{"start":{"line":281,"column":12},"end":{"line":281,"column":39}},"149":{"start":{"line":286,"column":8},"end":{"line":286,"column":37}},"150":{"start":{"line":290,"column":17},"end":{"line":297,"column":null}},"151":{"start":{"line":290,"column":55},"end":{"line":297,"column":null}},"152":{"start":{"line":291,"column":4},"end":{"line":296,"column":5}},"153":{"start":{"line":292,"column":22},"end":{"line":292,"column":44}},"154":{"start":{"line":293,"column":8},"end":{"line":293,"column":36}},"155":{"start":{"line":295,"column":8},"end":{"line":295,"column":37}},"156":{"start":{"line":300,"column":0},"end":{"line":308,"column":2}}},"fnMap":{"0":{"name":"(anonymous_8)","decl":{"start":{"line":10,"column":17},"end":{"line":10,"column":24}},"loc":{"start":{"line":10,"column":55},"end":{"line":41,"column":null}}},"1":{"name":"(anonymous_9)","decl":{"start":{"line":10,"column":55},"end":{"line":10,"column":null}},"loc":{"start":{"line":10,"column":55},"end":{"line":41,"column":1}}},"2":{"name":"(anonymous_10)","decl":{"start":{"line":47,"column":22},"end":{"line":47,"column":23}},"loc":{"start":{"line":47,"column":57},"end":{"line":70,"column":1}}},"3":{"name":"(anonymous_11)","decl":{"start":{"line":71,"column":14},"end":{"line":71,"column":21}},"loc":{"start":{"line":71,"column":52},"end":{"line":127,"column":2}}},"4":{"name":"(anonymous_12)","decl":{"start":{"line":71,"column":52},"end":{"line":71,"column":null}},"loc":{"start":{"line":71,"column":52},"end":{"line":127,"column":1}}},"5":{"name":"(anonymous_13)","decl":{"start":{"line":132,"column":30},"end":{"line":132,"column":37}},"loc":{"start":{"line":132,"column":88},"end":{"line":154,"column":null}}},"6":{"name":"(anonymous_14)","decl":{"start":{"line":132,"column":88},"end":{"line":132,"column":null}},"loc":{"start":{"line":132,"column":88},"end":{"line":154,"column":1}}},"7":{"name":"(anonymous_15)","decl":{"start":{"line":145,"column":48},"end":{"line":145,"column":49}},"loc":{"start":{"line":145,"column":65},"end":{"line":153,"column":5}}},"8":{"name":"(anonymous_16)","decl":{"start":{"line":161,"column":27},"end":{"line":161,"column":28}},"loc":{"start":{"line":161,"column":64},"end":{"line":208,"column":1}}},"9":{"name":"(anonymous_17)","decl":{"start":{"line":162,"column":30},"end":{"line":162,"column":31}},"loc":{"start":{"line":162,"column":50},"end":{"line":207,"column":5}}},"10":{"name":"(anonymous_18)","decl":{"start":{"line":173,"column":59},"end":{"line":173,"column":66}},"loc":{"start":{"line":173,"column":92},"end":{"line":206,"column":10}}},"11":{"name":"(anonymous_19)","decl":{"start":{"line":173,"column":92},"end":{"line":173,"column":null}},"loc":{"start":{"line":173,"column":92},"end":{"line":206,"column":9}}},"12":{"name":"(anonymous_20)","decl":{"start":{"line":209,"column":15},"end":{"line":209,"column":22}},"loc":{"start":{"line":209,"column":53},"end":{"line":224,"column":null}}},"13":{"name":"(anonymous_21)","decl":{"start":{"line":209,"column":53},"end":{"line":209,"column":null}},"loc":{"start":{"line":209,"column":53},"end":{"line":224,"column":1}}},"14":{"name":"(anonymous_22)","decl":{"start":{"line":225,"column":16},"end":{"line":225,"column":23}},"loc":{"start":{"line":225,"column":54},"end":{"line":262,"column":null}}},"15":{"name":"(anonymous_23)","decl":{"start":{"line":225,"column":54},"end":{"line":225,"column":null}},"loc":{"start":{"line":225,"column":54},"end":{"line":262,"column":1}}},"16":{"name":"(anonymous_24)","decl":{"start":{"line":264,"column":13},"end":{"line":264,"column":20}},"loc":{"start":{"line":264,"column":51},"end":{"line":288,"column":null}}},"17":{"name":"(anonymous_25)","decl":{"start":{"line":264,"column":51},"end":{"line":264,"column":null}},"loc":{"start":{"line":264,"column":51},"end":{"line":288,"column":1}}},"18":{"name":"(anonymous_26)","decl":{"start":{"line":290,"column":17},"end":{"line":290,"column":24}},"loc":{"start":{"line":290,"column":55},"end":{"line":297,"column":null}}},"19":{"name":"(anonymous_27)","decl":{"start":{"line":290,"column":55},"end":{"line":290,"column":null}},"loc":{"start":{"line":290,"column":55},"end":{"line":297,"column":1}}}},"branchMap":{"0":{"loc":{"start":{"line":16,"column":22},"end":{"line":16,"column":53}},"type":"cond-expr","locations":[{"start":{"line":16,"column":33},"end":{"line":16,"column":46}},{"start":{"line":16,"column":49},"end":{"line":16,"column":53}}]},"1":{"loc":{"start":{"line":18,"column":4},"end":{"line":23,"column":5}},"type":"if","locations":[{"start":{"line":18,"column":4},"end":{"line":23,"column":5}},{"start":{"line":21,"column":8},"end":{"line":23,"column":5}}]},"2":{"loc":{"start":{"line":25,"column":4},"end":{"line":28,"column":5}},"type":"if","locations":[{"start":{"line":25,"column":4},"end":{"line":28,"column":5}}]},"3":{"loc":{"start":{"line":48,"column":4},"end":{"line":50,"column":5}},"type":"if","locations":[{"start":{"line":48,"column":4},"end":{"line":50,"column":5}}]},"4":{"loc":{"start":{"line":78,"column":4},"end":{"line":120,"column":9}},"type":"if","locations":[{"start":{"line":78,"column":4},"end":{"line":120,"column":9}},{"start":{"line":82,"column":8},"end":{"line":120,"column":9}}]},"5":{"loc":{"start":{"line":84,"column":8},"end":{"line":87,"column":9}},"type":"if","locations":[{"start":{"line":84,"column":8},"end":{"line":87,"column":9}}]},"6":{"loc":{"start":{"line":88,"column":8},"end":{"line":91,"column":9}},"type":"if","locations":[{"start":{"line":88,"column":8},"end":{"line":91,"column":9}}]},"7":{"loc":{"start":{"line":93,"column":8},"end":{"line":96,"column":9}},"type":"if","locations":[{"start":{"line":93,"column":8},"end":{"line":96,"column":9}}]},"8":{"loc":{"start":{"line":97,"column":8},"end":{"line":99,"column":9}},"type":"if","locations":[{"start":{"line":97,"column":8},"end":{"line":99,"column":9}}]},"9":{"loc":{"start":{"line":134,"column":18},"end":{"line":134,"column":56}},"type":"binary-expr","locations":[{"start":{"line":134,"column":18},"end":{"line":134,"column":28}},{"start":{"line":134,"column":32},"end":{"line":134,"column":56}}]},"10":{"loc":{"start":{"line":135,"column":4},"end":{"line":138,"column":5}},"type":"if","locations":[{"start":{"line":135,"column":4},"end":{"line":138,"column":5}}]},"11":{"loc":{"start":{"line":139,"column":4},"end":{"line":142,"column":5}},"type":"if","locations":[{"start":{"line":139,"column":4},"end":{"line":142,"column":5}}]},"12":{"loc":{"start":{"line":147,"column":8},"end":{"line":150,"column":9}},"type":"if","locations":[{"start":{"line":147,"column":8},"end":{"line":150,"column":9}}]},"13":{"loc":{"start":{"line":164,"column":8},"end":{"line":167,"column":9}},"type":"if","locations":[{"start":{"line":164,"column":8},"end":{"line":167,"column":9}}]},"14":{"loc":{"start":{"line":169,"column":8},"end":{"line":172,"column":9}},"type":"if","locations":[{"start":{"line":169,"column":8},"end":{"line":172,"column":9}}]},"15":{"loc":{"start":{"line":174,"column":12},"end":{"line":177,"column":13}},"type":"if","locations":[{"start":{"line":174,"column":12},"end":{"line":177,"column":13}}]},"16":{"loc":{"start":{"line":183,"column":16},"end":{"line":186,"column":17}},"type":"if","locations":[{"start":{"line":183,"column":16},"end":{"line":186,"column":17}}]},"17":{"loc":{"start":{"line":187,"column":16},"end":{"line":192,"column":17}},"type":"if","locations":[{"start":{"line":187,"column":16},"end":{"line":192,"column":17}}]},"18":{"loc":{"start":{"line":187,"column":20},"end":{"line":187,"column":83}},"type":"binary-expr","locations":[{"start":{"line":187,"column":20},"end":{"line":187,"column":38}},{"start":{"line":187,"column":42},"end":{"line":187,"column":83}}]},"19":{"loc":{"start":{"line":212,"column":8},"end":{"line":215,"column":9}},"type":"if","locations":[{"start":{"line":212,"column":8},"end":{"line":215,"column":9}}]},"20":{"loc":{"start":{"line":228,"column":8},"end":{"line":232,"column":9}},"type":"if","locations":[{"start":{"line":228,"column":8},"end":{"line":232,"column":9}}]},"21":{"loc":{"start":{"line":234,"column":8},"end":{"line":237,"column":9}},"type":"if","locations":[{"start":{"line":234,"column":8},"end":{"line":237,"column":9}}]},"22":{"loc":{"start":{"line":239,"column":8},"end":{"line":242,"column":9}},"type":"if","locations":[{"start":{"line":239,"column":8},"end":{"line":242,"column":9}}]},"23":{"loc":{"start":{"line":243,"column":8},"end":{"line":245,"column":9}},"type":"if","locations":[{"start":{"line":243,"column":8},"end":{"line":245,"column":9}}]},"24":{"loc":{"start":{"line":267,"column":8},"end":{"line":270,"column":9}},"type":"if","locations":[{"start":{"line":267,"column":8},"end":{"line":270,"column":9}}]},"25":{"loc":{"start":{"line":273,"column":8},"end":{"line":282,"column":9}},"type":"if","locations":[{"start":{"line":273,"column":8},"end":{"line":282,"column":9}}]},"26":{"loc":{"start":{"line":276,"column":12},"end":{"line":278,"column":13}},"type":"if","locations":[{"start":{"line":276,"column":12},"end":{"line":278,"column":13}}]}},"s":{"0":3,"1":3,"2":3,"3":3,"4":6,"5":6,"6":6,"7":6,"8":6,"9":6,"10":6,"11":6,"12":5,"13":1,"14":6,"15":6,"16":1,"17":1,"18":5,"19":5,"20":3,"21":2,"22":3,"23":10,"24":0,"25":10,"26":10,"27":10,"28":10,"29":3,"30":11,"31":11,"32":11,"33":11,"34":11,"35":11,"36":11,"37":1,"38":1,"39":10,"40":10,"41":1,"42":1,"43":9,"44":1,"45":1,"46":8,"47":8,"48":0,"49":0,"50":8,"51":0,"52":8,"53":8,"54":8,"55":8,"56":0,"57":0,"58":3,"59":20,"60":20,"61":20,"62":20,"63":1,"64":1,"65":19,"66":1,"67":1,"68":18,"69":18,"70":2,"71":2,"72":16,"73":16,"74":3,"75":3,"76":4,"77":4,"78":1,"79":1,"80":3,"81":0,"82":0,"83":3,"84":3,"85":3,"86":0,"87":0,"88":3,"89":3,"90":3,"91":3,"92":0,"93":0,"94":3,"95":0,"96":0,"97":0,"98":0,"99":3,"100":0,"101":0,"102":3,"103":1,"104":1,"105":1,"106":1,"107":0,"108":0,"109":1,"110":1,"111":1,"112":1,"113":0,"114":3,"115":3,"116":3,"117":3,"118":3,"119":1,"120":1,"121":1,"122":2,"123":2,"124":0,"125":0,"126":2,"127":2,"128":0,"129":0,"130":2,"131":0,"132":2,"133":2,"134":0,"135":3,"136":2,"137":2,"138":2,"139":2,"140":0,"141":0,"142":2,"143":2,"144":1,"145":0,"146":1,"147":1,"148":1,"149":1,"150":3,"151":1,"152":1,"153":1,"154":1,"155":0,"156":3},"f":{"0":6,"1":6,"2":10,"3":11,"4":11,"5":20,"6":20,"7":18,"8":4,"9":4,"10":3,"11":3,"12":1,"13":1,"14":3,"15":3,"16":2,"17":2,"18":1,"19":1},"b":{"0":[0,6],"1":[5,1],"2":[1],"3":[0],"4":[1,10],"5":[1],"6":[1],"7":[0],"8":[0],"9":[20,19],"10":[1],"11":[1],"12":[2],"13":[1],"14":[0],"15":[0],"16":[0],"17":[0],"18":[3,3],"19":[0],"20":[1],"21":[0],"22":[0],"23":[0],"24":[0],"25":[1],"26":[0]}}
,"C:\\Users\\Natanel\\Downloads\\N.E\\לימודים\\שנה ג\\finalProjectE\\backend\\controller\\commentController.ts": {"path":"C:\\Users\\Natanel\\Downloads\\N.E\\לימודים\\שנה ג\\finalProjectE\\backend\\controller\\commentController.ts","statementMap":{"0":{"start":{"line":1,"column":0},"end":{"line":1,"column":44}},"1":{"start":{"line":4,"column":22},"end":{"line":12,"column":null}},"2":{"start":{"line":4,"column":58},"end":{"line":12,"column":null}},"3":{"start":{"line":5,"column":24},"end":{"line":5,"column":32}},"4":{"start":{"line":6,"column":4},"end":{"line":11,"column":5}},"5":{"start":{"line":7,"column":29},"end":{"line":7,"column":67}},"6":{"start":{"line":8,"column":8},"end":{"line":8,"column":43}},"7":{"start":{"line":10,"column":8},"end":{"line":10,"column":36}},"8":{"start":{"line":14,"column":22},"end":{"line":28,"column":6}},"9":{"start":{"line":14,"column":58},"end":{"line":28,"column":6}},"10":{"start":{"line":15,"column":18},"end":{"line":15,"column":34}},"11":{"start":{"line":16,"column":4},"end":{"line":27,"column":5}},"12":{"start":{"line":17,"column":22},"end":{"line":17,"column":62}},"13":{"start":{"line":18,"column":8},"end":{"line":18,"column":26}},"14":{"start":{"line":21,"column":4},"end":{"line":26,"column":9}},"15":{"start":{"line":22,"column":25},"end":{"line":22,"column":50}},"16":{"start":{"line":23,"column":8},"end":{"line":23,"column":39}},"17":{"start":{"line":25,"column":8},"end":{"line":25,"column":36}},"18":{"start":{"line":30,"column":21},"end":{"line":46,"column":2}},"19":{"start":{"line":30,"column":57},"end":{"line":46,"column":2}},"20":{"start":{"line":31,"column":17},"end":{"line":31,"column":27}},"21":{"start":{"line":32,"column":24},"end":{"line":32,"column":32}},"22":{"start":{"line":33,"column":4},"end":{"line":33,"column":37}},"23":{"start":{"line":34,"column":4},"end":{"line":34,"column":45}},"24":{"start":{"line":35,"column":4},"end":{"line":45,"column":5}},"25":{"start":{"line":36,"column":24},"end":{"line":36,"column":94}},"26":{"start":{"line":38,"column":8},"end":{"line":40,"column":9}},"27":{"start":{"line":39,"column":12},"end":{"line":39,"column":54}},"28":{"start":{"line":41,"column":9},"end":{"line":41,"column":39}},"29":{"start":{"line":44,"column":8},"end":{"line":44,"column":24}},"30":{"start":{"line":48,"column":21},"end":{"line":59,"column":2}},"31":{"start":{"line":48,"column":57},"end":{"line":59,"column":2}},"32":{"start":{"line":49,"column":19},"end":{"line":49,"column":29}},"33":{"start":{"line":50,"column":4},"end":{"line":58,"column":5}},"34":{"start":{"line":51,"column":24},"end":{"line":51,"column":64}},"35":{"start":{"line":52,"column":8},"end":{"line":54,"column":9}},"36":{"start":{"line":53,"column":12},"end":{"line":53,"column":54}},"37":{"start":{"line":55,"column":9},"end":{"line":55,"column":39}},"38":{"start":{"line":57,"column":8},"end":{"line":57,"column":36}},"39":{"start":{"line":61,"column":22},"end":{"line":75,"column":null}},"40":{"start":{"line":61,"column":58},"end":{"line":75,"column":null}},"41":{"start":{"line":62,"column":19},"end":{"line":62,"column":29}},"42":{"start":{"line":63,"column":4},"end":{"line":74,"column":5}},"43":{"start":{"line":64,"column":20},"end":{"line":64,"column":51}},"44":{"start":{"line":65,"column":4},"end":{"line":71,"column":5}},"45":{"start":{"line":66,"column":8},"end":{"line":66,"column":50}},"46":{"start":{"line":70,"column":4},"end":{"line":70,"column":34}},"47":{"start":{"line":73,"column":8},"end":{"line":73,"column":36}},"48":{"start":{"line":76,"column":26},"end":{"line":94,"column":null}},"49":{"start":{"line":76,"column":62},"end":{"line":94,"column":null}},"50":{"start":{"line":77,"column":19},"end":{"line":77,"column":29}},"51":{"start":{"line":78,"column":17},"end":{"line":78,"column":56}},"52":{"start":{"line":79,"column":18},"end":{"line":79,"column":59}},"53":{"start":{"line":80,"column":17},"end":{"line":80,"column":35}},"54":{"start":{"line":81,"column":4},"end":{"line":93,"column":5}},"55":{"start":{"line":82,"column":20},"end":{"line":82,"column":100}},"56":{"start":{"line":83,"column":4},"end":{"line":89,"column":5}},"57":{"start":{"line":84,"column":8},"end":{"line":84,"column":51}},"58":{"start":{"line":88,"column":8},"end":{"line":88,"column":38}},"59":{"start":{"line":92,"column":8},"end":{"line":92,"column":null}},"60":{"start":{"line":95,"column":0},"end":{"line":102,"column":3}}},"fnMap":{"0":{"name":"(anonymous_8)","decl":{"start":{"line":4,"column":22},"end":{"line":4,"column":29}},"loc":{"start":{"line":4,"column":58},"end":{"line":12,"column":null}}},"1":{"name":"(anonymous_9)","decl":{"start":{"line":4,"column":58},"end":{"line":4,"column":null}},"loc":{"start":{"line":4,"column":58},"end":{"line":12,"column":1}}},"2":{"name":"(anonymous_10)","decl":{"start":{"line":14,"column":22},"end":{"line":14,"column":29}},"loc":{"start":{"line":14,"column":58},"end":{"line":28,"column":6}}},"3":{"name":"(anonymous_11)","decl":{"start":{"line":14,"column":58},"end":{"line":14,"column":null}},"loc":{"start":{"line":14,"column":58},"end":{"line":28,"column":5}}},"4":{"name":"(anonymous_12)","decl":{"start":{"line":30,"column":21},"end":{"line":30,"column":28}},"loc":{"start":{"line":30,"column":57},"end":{"line":46,"column":2}}},"5":{"name":"(anonymous_13)","decl":{"start":{"line":30,"column":57},"end":{"line":30,"column":null}},"loc":{"start":{"line":30,"column":57},"end":{"line":46,"column":1}}},"6":{"name":"(anonymous_14)","decl":{"start":{"line":48,"column":21},"end":{"line":48,"column":28}},"loc":{"start":{"line":48,"column":57},"end":{"line":59,"column":2}}},"7":{"name":"(anonymous_15)","decl":{"start":{"line":48,"column":57},"end":{"line":48,"column":null}},"loc":{"start":{"line":48,"column":57},"end":{"line":59,"column":1}}},"8":{"name":"(anonymous_16)","decl":{"start":{"line":61,"column":22},"end":{"line":61,"column":29}},"loc":{"start":{"line":61,"column":58},"end":{"line":75,"column":null}}},"9":{"name":"(anonymous_17)","decl":{"start":{"line":61,"column":58},"end":{"line":61,"column":null}},"loc":{"start":{"line":61,"column":58},"end":{"line":75,"column":1}}},"10":{"name":"(anonymous_18)","decl":{"start":{"line":76,"column":26},"end":{"line":76,"column":33}},"loc":{"start":{"line":76,"column":62},"end":{"line":94,"column":null}}},"11":{"name":"(anonymous_19)","decl":{"start":{"line":76,"column":62},"end":{"line":76,"column":null}},"loc":{"start":{"line":76,"column":62},"end":{"line":94,"column":1}}}},"branchMap":{"0":{"loc":{"start":{"line":16,"column":4},"end":{"line":27,"column":5}},"type":"if","locations":[{"start":{"line":16,"column":4},"end":{"line":27,"column":5}},{"start":{"line":20,"column":8},"end":{"line":27,"column":5}}]},"1":{"loc":{"start":{"line":38,"column":8},"end":{"line":40,"column":9}},"type":"if","locations":[{"start":{"line":38,"column":8},"end":{"line":40,"column":9}}]},"2":{"loc":{"start":{"line":52,"column":8},"end":{"line":54,"column":9}},"type":"if","locations":[{"start":{"line":52,"column":8},"end":{"line":54,"column":9}}]},"3":{"loc":{"start":{"line":65,"column":4},"end":{"line":71,"column":5}},"type":"if","locations":[{"start":{"line":65,"column":4},"end":{"line":71,"column":5}},{"start":{"line":69,"column":4},"end":{"line":71,"column":5}}]},"4":{"loc":{"start":{"line":78,"column":17},"end":{"line":78,"column":56}},"type":"binary-expr","locations":[{"start":{"line":78,"column":17},"end":{"line":78,"column":51}},{"start":{"line":78,"column":55},"end":{"line":78,"column":56}}]},"5":{"loc":{"start":{"line":79,"column":18},"end":{"line":79,"column":59}},"type":"binary-expr","locations":[{"start":{"line":79,"column":18},"end":{"line":79,"column":53}},{"start":{"line":79,"column":57},"end":{"line":79,"column":59}}]},"6":{"loc":{"start":{"line":83,"column":4},"end":{"line":89,"column":5}},"type":"if","locations":[{"start":{"line":83,"column":4},"end":{"line":89,"column":5}},{"start":{"line":87,"column":4},"end":{"line":89,"column":5}}]}},"s":{"0":3,"1":3,"2":1,"3":1,"4":1,"5":1,"6":1,"7":0,"8":3,"9":3,"10":3,"11":3,"12":1,"13":1,"14":2,"15":2,"16":2,"17":0,"18":3,"19":2,"20":2,"21":2,"22":2,"23":2,"24":2,"25":2,"26":2,"27":1,"28":2,"29":1,"30":3,"31":1,"32":1,"33":1,"34":1,"35":1,"36":0,"37":1,"38":0,"39":3,"40":1,"41":1,"42":1,"43":1,"44":1,"45":0,"46":1,"47":0,"48":3,"49":1,"50":1,"51":1,"52":1,"53":1,"54":1,"55":1,"56":1,"57":0,"58":1,"59":0,"60":3},"f":{"0":1,"1":1,"2":3,"3":3,"4":2,"5":2,"6":1,"7":1,"8":1,"9":1,"10":1,"11":1},"b":{"0":[1,2],"1":[1],"2":[0],"3":[0,1],"4":[1,1],"5":[1,1],"6":[0,1]}}
,"C:\\Users\\Natanel\\Downloads\\N.E\\לימודים\\שנה ג\\finalProjectE\\backend\\controller\\postController.ts": {"path":"C:\\Users\\Natanel\\Downloads\\N.E\\לימודים\\שנה ג\\finalProjectE\\backend\\controller\\postController.ts","statementMap":{"0":{"start":{"line":2,"column":0},"end":{"line":2,"column":38}},"1":{"start":{"line":3,"column":0},"end":{"line":3,"column":38}},"2":{"start":{"line":5,"column":19},"end":{"line":16,"column":2}},"3":{"start":{"line":5,"column":55},"end":{"line":16,"column":2}},"4":{"start":{"line":7,"column":22},"end":{"line":7,"column":53}},"5":{"start":{"line":8,"column":21},"end":{"line":8,"column":29}},"6":{"start":{"line":9,"column":4},"end":{"line":9,"column":31}},"7":{"start":{"line":10,"column":4},"end":{"line":15,"column":5}},"8":{"start":{"line":11,"column":17},"end":{"line":11,"column":49}},"9":{"start":{"line":12,"column":4},"end":{"line":12,"column":31}},"10":{"start":{"line":14,"column":8},"end":{"line":14,"column":36}},"11":{"start":{"line":18,"column":19},"end":{"line":42,"column":2}},"12":{"start":{"line":18,"column":55},"end":{"line":42,"column":2}},"13":{"start":{"line":19,"column":21},"end":{"line":19,"column":39}},"14":{"start":{"line":20,"column":17},"end":{"line":20,"column":56}},"15":{"start":{"line":21,"column":18},"end":{"line":21,"column":59}},"16":{"start":{"line":22,"column":17},"end":{"line":22,"column":35}},"17":{"start":{"line":23,"column":4},"end":{"line":41,"column":1}},"18":{"start":{"line":25,"column":22},"end":{"line":25,"column":106}},"19":{"start":{"line":26,"column":9},"end":{"line":26,"column":25}},"20":{"start":{"line":30,"column":4},"end":{"line":40,"column":5}},"21":{"start":{"line":32,"column":22},"end":{"line":35,"column":21}},"22":{"start":{"line":36,"column":27},"end":{"line":36,"column":59}},"23":{"start":{"line":37,"column":8},"end":{"line":37,"column":36}},"24":{"start":{"line":39,"column":8},"end":{"line":39,"column":36}},"25":{"start":{"line":44,"column":19},"end":{"line":58,"column":2}},"26":{"start":{"line":44,"column":55},"end":{"line":58,"column":2}},"27":{"start":{"line":45,"column":19},"end":{"line":45,"column":29}},"28":{"start":{"line":46,"column":4},"end":{"line":57,"column":5}},"29":{"start":{"line":47,"column":17},"end":{"line":47,"column":45}},"30":{"start":{"line":48,"column":4},"end":{"line":54,"column":5}},"31":{"start":{"line":49,"column":8},"end":{"line":49,"column":47}},"32":{"start":{"line":53,"column":4},"end":{"line":53,"column":31}},"33":{"start":{"line":56,"column":8},"end":{"line":56,"column":36}},"34":{"start":{"line":60,"column":19},"end":{"line":84,"column":2}},"35":{"start":{"line":60,"column":55},"end":{"line":84,"column":2}},"36":{"start":{"line":61,"column":19},"end":{"line":61,"column":29}},"37":{"start":{"line":62,"column":18},"end":{"line":62,"column":26}},"38":{"start":{"line":63,"column":4},"end":{"line":64,"column":33}},"39":{"start":{"line":64,"column":4},"end":{"line":64,"column":33}},"40":{"start":{"line":65,"column":4},"end":{"line":83,"column":5}},"41":{"start":{"line":67,"column":28},"end":{"line":71,"column":10}},"42":{"start":{"line":74,"column":8},"end":{"line":76,"column":9}},"43":{"start":{"line":75,"column":13},"end":{"line":75,"column":52}},"44":{"start":{"line":79,"column":9},"end":{"line":79,"column":43}},"45":{"start":{"line":82,"column":8},"end":{"line":82,"column":36}},"46":{"start":{"line":87,"column":18},"end":{"line":98,"column":2}},"47":{"start":{"line":87,"column":54},"end":{"line":98,"column":2}},"48":{"start":{"line":88,"column":19},"end":{"line":88,"column":29}},"49":{"start":{"line":89,"column":4},"end":{"line":97,"column":5}},"50":{"start":{"line":90,"column":21},"end":{"line":90,"column":58}},"51":{"start":{"line":91,"column":8},"end":{"line":93,"column":9}},"52":{"start":{"line":92,"column":12},"end":{"line":92,"column":51}},"53":{"start":{"line":94,"column":9},"end":{"line":94,"column":36}},"54":{"start":{"line":96,"column":8},"end":{"line":96,"column":36}},"55":{"start":{"line":99,"column":17},"end":{"line":122,"column":2}},"56":{"start":{"line":99,"column":55},"end":{"line":122,"column":2}},"57":{"start":{"line":100,"column":19},"end":{"line":100,"column":29}},"58":{"start":{"line":101,"column":19},"end":{"line":101,"column":36}},"59":{"start":{"line":102,"column":15},"end":{"line":102,"column":20}},"60":{"start":{"line":104,"column":4},"end":{"line":121,"column":5}},"61":{"start":{"line":105,"column":21},"end":{"line":105,"column":49}},"62":{"start":{"line":106,"column":8},"end":{"line":108,"column":9}},"63":{"start":{"line":107,"column":12},"end":{"line":107,"column":71}},"64":{"start":{"line":110,"column":8},"end":{"line":114,"column":9}},"65":{"start":{"line":110,"column":21},"end":{"line":110,"column":22}},"66":{"start":{"line":111,"column":12},"end":{"line":113,"column":13}},"67":{"start":{"line":112,"column":16},"end":{"line":112,"column":89}},"68":{"start":{"line":116,"column":8},"end":{"line":116,"column":36}},"69":{"start":{"line":117,"column":8},"end":{"line":117,"column":26}},"70":{"start":{"line":118,"column":8},"end":{"line":118,"column":82}},"71":{"start":{"line":120,"column":8},"end":{"line":120,"column":72}},"72":{"start":{"line":124,"column":19},"end":{"line":145,"column":2}},"73":{"start":{"line":124,"column":57},"end":{"line":145,"column":2}},"74":{"start":{"line":125,"column":19},"end":{"line":125,"column":29}},"75":{"start":{"line":126,"column":19},"end":{"line":126,"column":36}},"76":{"start":{"line":128,"column":4},"end":{"line":144,"column":5}},"77":{"start":{"line":129,"column":21},"end":{"line":129,"column":49}},"78":{"start":{"line":130,"column":8},"end":{"line":132,"column":9}},"79":{"start":{"line":131,"column":12},"end":{"line":131,"column":71}},"80":{"start":{"line":134,"column":22},"end":{"line":134,"column":52}},"81":{"start":{"line":135,"column":8},"end":{"line":137,"column":9}},"82":{"start":{"line":136,"column":12},"end":{"line":136,"column":85}},"83":{"start":{"line":139,"column":8},"end":{"line":139,"column":40}},"84":{"start":{"line":140,"column":8},"end":{"line":140,"column":26}},"85":{"start":{"line":141,"column":8},"end":{"line":141,"column":84}},"86":{"start":{"line":143,"column":8},"end":{"line":143,"column":72}},"87":{"start":{"line":148,"column":1},"end":{"line":157,"column":2}}},"fnMap":{"0":{"name":"(anonymous_8)","decl":{"start":{"line":5,"column":19},"end":{"line":5,"column":26}},"loc":{"start":{"line":5,"column":55},"end":{"line":16,"column":2}}},"1":{"name":"(anonymous_9)","decl":{"start":{"line":5,"column":55},"end":{"line":5,"column":null}},"loc":{"start":{"line":5,"column":55},"end":{"line":16,"column":1}}},"2":{"name":"(anonymous_10)","decl":{"start":{"line":18,"column":19},"end":{"line":18,"column":26}},"loc":{"start":{"line":18,"column":55},"end":{"line":42,"column":2}}},"3":{"name":"(anonymous_11)","decl":{"start":{"line":18,"column":55},"end":{"line":18,"column":null}},"loc":{"start":{"line":18,"column":55},"end":{"line":42,"column":1}}},"4":{"name":"(anonymous_12)","decl":{"start":{"line":44,"column":19},"end":{"line":44,"column":26}},"loc":{"start":{"line":44,"column":55},"end":{"line":58,"column":2}}},"5":{"name":"(anonymous_13)","decl":{"start":{"line":44,"column":55},"end":{"line":44,"column":null}},"loc":{"start":{"line":44,"column":55},"end":{"line":58,"column":1}}},"6":{"name":"(anonymous_14)","decl":{"start":{"line":60,"column":19},"end":{"line":60,"column":26}},"loc":{"start":{"line":60,"column":55},"end":{"line":84,"column":2}}},"7":{"name":"(anonymous_15)","decl":{"start":{"line":60,"column":55},"end":{"line":60,"column":null}},"loc":{"start":{"line":60,"column":55},"end":{"line":84,"column":1}}},"8":{"name":"(anonymous_16)","decl":{"start":{"line":87,"column":18},"end":{"line":87,"column":25}},"loc":{"start":{"line":87,"column":54},"end":{"line":98,"column":2}}},"9":{"name":"(anonymous_17)","decl":{"start":{"line":87,"column":54},"end":{"line":87,"column":null}},"loc":{"start":{"line":87,"column":54},"end":{"line":98,"column":1}}},"10":{"name":"(anonymous_18)","decl":{"start":{"line":99,"column":17},"end":{"line":99,"column":24}},"loc":{"start":{"line":99,"column":55},"end":{"line":122,"column":2}}},"11":{"name":"(anonymous_19)","decl":{"start":{"line":99,"column":55},"end":{"line":99,"column":null}},"loc":{"start":{"line":99,"column":55},"end":{"line":122,"column":1}}},"12":{"name":"(anonymous_20)","decl":{"start":{"line":124,"column":19},"end":{"line":124,"column":26}},"loc":{"start":{"line":124,"column":57},"end":{"line":145,"column":2}}},"13":{"name":"(anonymous_21)","decl":{"start":{"line":124,"column":57},"end":{"line":124,"column":null}},"loc":{"start":{"line":124,"column":57},"end":{"line":145,"column":1}}}},"branchMap":{"0":{"loc":{"start":{"line":7,"column":22},"end":{"line":7,"column":53}},"type":"cond-expr","locations":[{"start":{"line":7,"column":33},"end":{"line":7,"column":46}},{"start":{"line":7,"column":49},"end":{"line":7,"column":53}}]},"1":{"loc":{"start":{"line":20,"column":17},"end":{"line":20,"column":56}},"type":"binary-expr","locations":[{"start":{"line":20,"column":17},"end":{"line":20,"column":51}},{"start":{"line":20,"column":55},"end":{"line":20,"column":56}}]},"2":{"loc":{"start":{"line":21,"column":18},"end":{"line":21,"column":59}},"type":"binary-expr","locations":[{"start":{"line":21,"column":18},"end":{"line":21,"column":53}},{"start":{"line":21,"column":57},"end":{"line":21,"column":59}}]},"3":{"loc":{"start":{"line":23,"column":4},"end":{"line":41,"column":1}},"type":"if","locations":[{"start":{"line":23,"column":4},"end":{"line":41,"column":1}},{"start":{"line":29,"column":8},"end":{"line":41,"column":1}}]},"4":{"loc":{"start":{"line":48,"column":4},"end":{"line":54,"column":5}},"type":"if","locations":[{"start":{"line":48,"column":4},"end":{"line":54,"column":5}},{"start":{"line":52,"column":4},"end":{"line":54,"column":5}}]},"5":{"loc":{"start":{"line":63,"column":4},"end":{"line":64,"column":33}},"type":"if","locations":[{"start":{"line":63,"column":4},"end":{"line":64,"column":33}}]},"6":{"loc":{"start":{"line":74,"column":8},"end":{"line":76,"column":9}},"type":"if","locations":[{"start":{"line":74,"column":8},"end":{"line":76,"column":9}}]},"7":{"loc":{"start":{"line":91,"column":8},"end":{"line":93,"column":9}},"type":"if","locations":[{"start":{"line":91,"column":8},"end":{"line":93,"column":9}}]},"8":{"loc":{"start":{"line":106,"column":8},"end":{"line":108,"column":9}},"type":"if","locations":[{"start":{"line":106,"column":8},"end":{"line":108,"column":9}}]},"9":{"loc":{"start":{"line":111,"column":12},"end":{"line":113,"column":13}},"type":"if","locations":[{"start":{"line":111,"column":12},"end":{"line":113,"column":13}}]},"10":{"loc":{"start":{"line":130,"column":8},"end":{"line":132,"column":9}},"type":"if","locations":[{"start":{"line":130,"column":8},"end":{"line":132,"column":9}}]},"11":{"loc":{"start":{"line":135,"column":8},"end":{"line":137,"column":9}},"type":"if","locations":[{"start":{"line":135,"column":8},"end":{"line":137,"column":9}}]}},"s":{"0":3,"1":3,"2":3,"3":5,"4":5,"5":5,"6":5,"7":5,"8":5,"9":4,"10":1,"11":3,"12":3,"13":3,"14":3,"15":3,"16":3,"17":3,"18":1,"19":1,"20":2,"21":2,"22":2,"23":2,"24":0,"25":3,"26":2,"27":2,"28":2,"29":2,"30":2,"31":1,"32":1,"33":0,"34":3,"35":2,"36":2,"37":2,"38":2,"39":0,"40":2,"41":2,"42":1,"43":0,"44":1,"45":1,"46":3,"47":1,"48":1,"49":1,"50":1,"51":1,"52":0,"53":1,"54":0,"55":3,"56":3,"57":3,"58":3,"59":3,"60":3,"61":3,"62":2,"63":0,"64":2,"65":2,"66":1,"67":1,"68":1,"69":1,"70":1,"71":1,"72":3,"73":1,"74":1,"75":1,"76":1,"77":1,"78":1,"79":0,"80":1,"81":1,"82":0,"83":1,"84":1,"85":1,"86":0,"87":3},"f":{"0":5,"1":5,"2":3,"3":3,"4":2,"5":2,"6":2,"7":2,"8":1,"9":1,"10":3,"11":3,"12":1,"13":1},"b":{"0":[0,5],"1":[3,3],"2":[3,3],"3":[1,2],"4":[1,1],"5":[0],"6":[0],"7":[0],"8":[0],"9":[1],"10":[0],"11":[0]}}
,"C:\\Users\\Natanel\\Downloads\\N.E\\לימודים\\שנה ג\\finalProjectE\\backend\\controller\\restApiController.ts": {"path":"C:\\Users\\Natanel\\Downloads\\N.E\\לימודים\\שנה ג\\finalProjectE\\backend\\controller\\restApiController.ts","statementMap":{"0":{"start":{"line":2,"column":0},"end":{"line":2,"column":51}},"1":{"start":{"line":3,"column":0},"end":{"line":3,"column":33}},"2":{"start":{"line":4,"column":0},"end":{"line":4,"column":46}},"3":{"start":{"line":7,"column":0},"end":{"line":7,"column":26}},"4":{"start":{"line":9,"column":0},"end":{"line":9,"column":38}},"5":{"start":{"line":11,"column":15},"end":{"line":11,"column":61}},"6":{"start":{"line":13,"column":19},"end":{"line":46,"column":2}},"7":{"start":{"line":13,"column":57},"end":{"line":46,"column":2}},"8":{"start":{"line":14,"column":2},"end":{"line":45,"column":3}},"9":{"start":{"line":15,"column":22},"end":{"line":15,"column":30}},"10":{"start":{"line":16,"column":19},"end":{"line":19,"column":6}},"11":{"start":{"line":21,"column":20},"end":{"line":21,"column":39}},"12":{"start":{"line":22,"column":4},"end":{"line":23,"column":62}},"13":{"start":{"line":23,"column":6},"end":{"line":23,"column":62}},"14":{"start":{"line":25,"column":37},"end":{"line":25,"column":44}},"15":{"start":{"line":27,"column":15},"end":{"line":27,"column":44}},"16":{"start":{"line":28,"column":4},"end":{"line":31,"column":5}},"17":{"start":{"line":29,"column":6},"end":{"line":29,"column":75}},"18":{"start":{"line":30,"column":6},"end":{"line":30,"column":24}},"19":{"start":{"line":33,"column":19},"end":{"line":33,"column":57}},"20":{"start":{"line":34,"column":4},"end":{"line":35,"column":70}},"21":{"start":{"line":35,"column":6},"end":{"line":35,"column":70}},"22":{"start":{"line":36,"column":22},"end":{"line":36,"column":40}},"23":{"start":{"line":37,"column":4},"end":{"line":37,"column":36}},"24":{"start":{"line":38,"column":4},"end":{"line":40,"column":5}},"25":{"start":{"line":39,"column":6},"end":{"line":39,"column":29}},"26":{"start":{"line":41,"column":4},"end":{"line":41,"column":48}},"27":{"start":{"line":42,"column":4},"end":{"line":42,"column":22}},"28":{"start":{"line":44,"column":4},"end":{"line":44,"column":68}},"29":{"start":{"line":51,"column":23},"end":{"line":94,"column":2}},"30":{"start":{"line":51,"column":63},"end":{"line":94,"column":2}},"31":{"start":{"line":52,"column":2},"end":{"line":93,"column":3}},"32":{"start":{"line":53,"column":19},"end":{"line":53,"column":29}},"33":{"start":{"line":56,"column":22},"end":{"line":56,"column":88}},"34":{"start":{"line":58,"column":4},"end":{"line":60,"column":5}},"35":{"start":{"line":59,"column":6},"end":{"line":59,"column":95}},"36":{"start":{"line":63,"column":21},"end":{"line":63,"column":87}},"37":{"start":{"line":63,"column":43},"end":{"line":63,"column":73}},"38":{"start":{"line":64,"column":23},"end":{"line":69,"column":19}},"39":{"start":{"line":71,"column":21},"end":{"line":80,"column":null}},"40":{"start":{"line":84,"column":25},"end":{"line":84,"column":79}},"41":{"start":{"line":87,"column":28},"end":{"line":87,"column":76}},"42":{"start":{"line":89,"column":4},"end":{"line":89,"column":46}},"43":{"start":{"line":91,"column":4},"end":{"line":91,"column":60}},"44":{"start":{"line":92,"column":4},"end":{"line":92,"column":71}},"45":{"start":{"line":98,"column":0},"end":{"line":101,"column":null}}},"fnMap":{"0":{"name":"(anonymous_8)","decl":{"start":{"line":13,"column":19},"end":{"line":13,"column":26}},"loc":{"start":{"line":13,"column":57},"end":{"line":46,"column":2}}},"1":{"name":"(anonymous_9)","decl":{"start":{"line":13,"column":57},"end":{"line":13,"column":null}},"loc":{"start":{"line":13,"column":57},"end":{"line":46,"column":1}}},"2":{"name":"(anonymous_10)","decl":{"start":{"line":51,"column":23},"end":{"line":51,"column":30}},"loc":{"start":{"line":51,"column":63},"end":{"line":94,"column":2}}},"3":{"name":"(anonymous_11)","decl":{"start":{"line":51,"column":63},"end":{"line":51,"column":null}},"loc":{"start":{"line":51,"column":63},"end":{"line":94,"column":1}}},"4":{"name":"(anonymous_12)","decl":{"start":{"line":63,"column":35},"end":{"line":63,"column":39}},"loc":{"start":{"line":63,"column":43},"end":{"line":63,"column":73}}}},"branchMap":{"0":{"loc":{"start":{"line":22,"column":4},"end":{"line":23,"column":62}},"type":"if","locations":[{"start":{"line":22,"column":4},"end":{"line":23,"column":62}}]},"1":{"loc":{"start":{"line":28,"column":4},"end":{"line":31,"column":5}},"type":"if","locations":[{"start":{"line":28,"column":4},"end":{"line":31,"column":5}}]},"2":{"loc":{"start":{"line":34,"column":4},"end":{"line":35,"column":70}},"type":"if","locations":[{"start":{"line":34,"column":4},"end":{"line":35,"column":70}}]},"3":{"loc":{"start":{"line":38,"column":4},"end":{"line":40,"column":5}},"type":"if","locations":[{"start":{"line":38,"column":4},"end":{"line":40,"column":5}}]},"4":{"loc":{"start":{"line":58,"column":4},"end":{"line":60,"column":5}},"type":"if","locations":[{"start":{"line":58,"column":4},"end":{"line":60,"column":5}}]},"5":{"loc":{"start":{"line":84,"column":25},"end":{"line":84,"column":79}},"type":"binary-expr","locations":[{"start":{"line":84,"column":25},"end":{"line":84,"column":74}},{"start":{"line":84,"column":77},"end":{"line":84,"column":79}}]},"6":{"loc":{"start":{"line":84,"column":25},"end":{"line":84,"column":74}},"type":"cond-expr","locations":[{"start":{"line":84,"column":64},"end":{"line":84,"column":66}},{"start":{"line":84,"column":64},"end":{"line":84,"column":74}}]},"7":{"loc":{"start":{"line":84,"column":25},"end":{"line":84,"column":66}},"type":"binary-expr","locations":[{"start":{"line":84,"column":25},"end":{"line":84,"column":66}},{"start":{"line":84,"column":64},"end":{"line":84,"column":66}}]},"8":{"loc":{"start":{"line":84,"column":25},"end":{"line":84,"column":64}},"type":"cond-expr","locations":[{"start":{"line":84,"column":55},"end":{"line":84,"column":57}},{"start":{"line":84,"column":55},"end":{"line":84,"column":64}}]},"9":{"loc":{"start":{"line":84,"column":25},"end":{"line":84,"column":57}},"type":"binary-expr","locations":[{"start":{"line":84,"column":25},"end":{"line":84,"column":57}},{"start":{"line":84,"column":55},"end":{"line":84,"column":57}}]},"10":{"loc":{"start":{"line":84,"column":25},"end":{"line":84,"column":55}},"type":"cond-expr","locations":[{"start":{"line":84,"column":50},"end":{"line":84,"column":53}},{"start":{"line":84,"column":50},"end":{"line":84,"column":55}}]},"11":{"loc":{"start":{"line":84,"column":25},"end":{"line":84,"column":53}},"type":"binary-expr","locations":[{"start":{"line":84,"column":25},"end":{"line":84,"column":53}},{"start":{"line":84,"column":50},"end":{"line":84,"column":53}}]},"12":{"loc":{"start":{"line":84,"column":25},"end":{"line":84,"column":50}},"type":"cond-expr","locations":[{"start":{"line":84,"column":38},"end":{"line":84,"column":40}},{"start":{"line":84,"column":38},"end":{"line":84,"column":50}}]},"13":{"loc":{"start":{"line":84,"column":25},"end":{"line":84,"column":40}},"type":"binary-expr","locations":[{"start":{"line":84,"column":25},"end":{"line":84,"column":40}},{"start":{"line":84,"column":38},"end":{"line":84,"column":40}}]},"14":{"loc":{"start":{"line":87,"column":28},"end":{"line":87,"column":76}},"type":"binary-expr","locations":[{"start":{"line":87,"column":28},"end":{"line":87,"column":70}},{"start":{"line":87,"column":74},"end":{"line":87,"column":76}}]}},"s":{"0":3,"1":3,"2":3,"3":3,"4":3,"5":3,"6":3,"7":0,"8":0,"9":0,"10":0,"11":0,"12":0,"13":0,"14":0,"15":0,"16":0,"17":0,"18":0,"19":0,"20":0,"21":0,"22":0,"23":0,"24":0,"25":0,"26":0,"27":0,"28":0,"29":3,"30":0,"31":0,"32":0,"33":0,"34":0,"35":0,"36":0,"37":0,"38":0,"39":0,"40":0,"41":0,"42":0,"43":0,"44":0,"45":3},"f":{"0":0,"1":0,"2":0,"3":0,"4":0},"b":{"0":[0],"1":[0],"2":[0],"3":[0],"4":[0],"5":[0,0],"6":[0,0],"7":[0,0],"8":[0,0],"9":[0,0],"10":[0,0],"11":[0,0],"12":[0,0],"13":[0,0],"14":[0,0]}}
,"C:\\Users\\Natanel\\Downloads\\N.E\\לימודים\\שנה ג\\finalProjectE\\backend\\model\\comment.ts": {"path":"C:\\Users\\Natanel\\Downloads\\N.E\\לימודים\\שנה ג\\finalProjectE\\backend\\model\\comment.ts","statementMap":{"0":{"start":{"line":1,"column":0},"end":{"line":1,"column":32}},"1":{"start":{"line":2,"column":22},"end":{"line":19,"column":2}},"2":{"start":{"line":20,"column":21},"end":{"line":20,"column":61}},"3":{"start":{"line":21,"column":0},"end":{"line":21,"column":28}}},"fnMap":{},"branchMap":{},"s":{"0":3,"1":3,"2":3,"3":3},"f":{},"b":{}}
,"C:\\Users\\Natanel\\Downloads\\N.E\\לימודים\\שנה ג\\finalProjectE\\backend\\model\\post.ts": {"path":"C:\\Users\\Natanel\\Downloads\\N.E\\לימודים\\שנה ג\\finalProjectE\\backend\\model\\post.ts","statementMap":{"0":{"start":{"line":1,"column":0},"end":{"line":1,"column":32}},"1":{"start":{"line":3,"column":19},"end":{"line":27,"column":2}},"2":{"start":{"line":29,"column":18},"end":{"line":29,"column":52}},"3":{"start":{"line":30,"column":0},"end":{"line":30,"column":25}}},"fnMap":{},"branchMap":{},"s":{"0":3,"1":3,"2":3,"3":3},"f":{},"b":{}}
,"C:\\Users\\Natanel\\Downloads\\N.E\\לימודים\\שנה ג\\finalProjectE\\backend\\model\\user.ts": {"path":"C:\\Users\\Natanel\\Downloads\\N.E\\לימודים\\שנה ג\\finalProjectE\\backend\\model\\user.ts","statementMap":{"0":{"start":{"line":1,"column":0},"end":{"line":1,"column":32}},"1":{"start":{"line":13,"column":19},"end":{"line":42,"column":2}},"2":{"start":{"line":22,"column":6},"end":{"line":22,"column":39}},"3":{"start":{"line":44,"column":18},"end":{"line":44,"column":64}},"4":{"start":{"line":46,"column":0},"end":{"line":46,"column":25}}},"fnMap":{"0":{"name":"(anonymous_1)","decl":{"start":{"line":21,"column":14},"end":{"line":21,"column":null}},"loc":{"start":{"line":21,"column":14},"end":{"line":23,"column":5}}}},"branchMap":{},"s":{"0":3,"1":3,"2":17,"3":3,"4":3},"f":{"0":17},"b":{}}
,"C:\\Users\\Natanel\\Downloads\\N.E\\לימודים\\שנה ג\\finalProjectE\\backend\\routes\\authRoutes.ts": {"path":"C:\\Users\\Natanel\\Downloads\\N.E\\לימודים\\שנה ג\\finalProjectE\\backend\\routes\\authRoutes.ts","statementMap":{"0":{"start":{"line":1,"column":0},"end":{"line":1,"column":30}},"1":{"start":{"line":2,"column":0},"end":{"line":2,"column":78}},"2":{"start":{"line":3,"column":0},"end":{"line":3,"column":28}},"3":{"start":{"line":4,"column":0},"end":{"line":4,"column":24}},"4":{"start":{"line":5,"column":15},"end":{"line":5,"column":31}},"5":{"start":{"line":9,"column":16},"end":{"line":16,"column":4}},"6":{"start":{"line":11,"column":6},"end":{"line":11,"column":25}},"7":{"start":{"line":14,"column":6},"end":{"line":14,"column":61}},"8":{"start":{"line":19,"column":15},"end":{"line":19,"column":43}},"9":{"start":{"line":88,"column":0},"end":{"line":88,"column":74}},"10":{"start":{"line":126,"column":0},"end":{"line":126,"column":43}},"11":{"start":{"line":164,"column":0},"end":{"line":164,"column":47}},"12":{"start":{"line":189,"column":0},"end":{"line":189,"column":45}},"13":{"start":{"line":214,"column":0},"end":{"line":214,"column":63}},"14":{"start":{"line":218,"column":0},"end":{"line":218,"column":51}},"15":{"start":{"line":219,"column":0},"end":{"line":219,"column":22}}},"fnMap":{"0":{"name":"(anonymous_1)","decl":{"start":{"line":10,"column":17},"end":{"line":10,"column":18}},"loc":{"start":{"line":10,"column":35},"end":{"line":12,"column":5}}},"1":{"name":"(anonymous_2)","decl":{"start":{"line":13,"column":14},"end":{"line":13,"column":15}},"loc":{"start":{"line":13,"column":32},"end":{"line":15,"column":5}}}},"branchMap":{},"s":{"0":3,"1":3,"2":3,"3":3,"4":3,"5":3,"6":0,"7":0,"8":3,"9":3,"10":3,"11":3,"12":3,"13":3,"14":3,"15":3},"f":{"0":0,"1":0},"b":{}}
,"C:\\Users\\Natanel\\Downloads\\N.E\\לימודים\\שנה ג\\finalProjectE\\backend\\routes\\commentRoutes.ts": {"path":"C:\\Users\\Natanel\\Downloads\\N.E\\לימודים\\שנה ג\\finalProjectE\\backend\\routes\\commentRoutes.ts","statementMap":{"0":{"start":{"line":1,"column":0},"end":{"line":1,"column":30}},"1":{"start":{"line":2,"column":0},"end":{"line":2,"column":64}},"2":{"start":{"line":3,"column":15},"end":{"line":3,"column":31}},"3":{"start":{"line":5,"column":0},"end":{"line":5,"column":60}},"4":{"start":{"line":66,"column":0},"end":{"line":66,"column":66}},"5":{"start":{"line":86,"column":0},"end":{"line":86,"column":50}},"6":{"start":{"line":123,"column":0},"end":{"line":123,"column":68}},"7":{"start":{"line":148,"column":0},"end":{"line":148,"column":71}},"8":{"start":{"line":175,"column":0},"end":{"line":175,"column":53}},"9":{"start":{"line":178,"column":0},"end":{"line":178,"column":62}},"10":{"start":{"line":181,"column":0},"end":{"line":181,"column":22}}},"fnMap":{},"branchMap":{},"s":{"0":3,"1":3,"2":3,"3":3,"4":3,"5":3,"6":3,"7":3,"8":3,"9":3,"10":3},"f":{},"b":{}}
,"C:\\Users\\Natanel\\Downloads\\N.E\\לימודים\\שנה ג\\finalProjectE\\backend\\routes\\postRoutes.ts": {"path":"C:\\Users\\Natanel\\Downloads\\N.E\\לימודים\\שנה ג\\finalProjectE\\backend\\routes\\postRoutes.ts","statementMap":{"0":{"start":{"line":1,"column":0},"end":{"line":1,"column":31}},"1":{"start":{"line":2,"column":15},"end":{"line":2,"column":31}},"2":{"start":{"line":3,"column":0},"end":{"line":3,"column":58}},"3":{"start":{"line":4,"column":0},"end":{"line":4,"column":60}},"4":{"start":{"line":6,"column":0},"end":{"line":6,"column":28}},"5":{"start":{"line":7,"column":0},"end":{"line":7,"column":24}},"6":{"start":{"line":10,"column":16},"end":{"line":17,"column":4}},"7":{"start":{"line":12,"column":6},"end":{"line":12,"column":25}},"8":{"start":{"line":15,"column":6},"end":{"line":15,"column":61}},"9":{"start":{"line":20,"column":15},"end":{"line":20,"column":43}},"10":{"start":{"line":87,"column":0},"end":{"line":87,"column":105}},"11":{"start":{"line":108,"column":0},"end":{"line":108,"column":44}},"12":{"start":{"line":135,"column":0},"end":{"line":135,"column":47}},"13":{"start":{"line":172,"column":0},"end":{"line":172,"column":84}},"14":{"start":{"line":198,"column":0},"end":{"line":198,"column":64}},"15":{"start":{"line":222,"column":0},"end":{"line":222,"column":65}},"16":{"start":{"line":246,"column":0},"end":{"line":246,"column":69}},"17":{"start":{"line":248,"column":0},"end":{"line":248,"column":22}}},"fnMap":{"0":{"name":"(anonymous_1)","decl":{"start":{"line":11,"column":17},"end":{"line":11,"column":18}},"loc":{"start":{"line":11,"column":35},"end":{"line":13,"column":5}}},"1":{"name":"(anonymous_2)","decl":{"start":{"line":14,"column":14},"end":{"line":14,"column":15}},"loc":{"start":{"line":14,"column":32},"end":{"line":16,"column":5}}}},"branchMap":{},"s":{"0":3,"1":3,"2":3,"3":3,"4":3,"5":3,"6":3,"7":0,"8":0,"9":3,"10":3,"11":3,"12":3,"13":3,"14":3,"15":3,"16":3,"17":3},"f":{"0":0,"1":0},"b":{}}
,"C:\\Users\\Natanel\\Downloads\\N.E\\לימודים\\שנה ג\\finalProjectE\\backend\\routes\\restApiRoutes.ts": {"path":"C:\\Users\\Natanel\\Downloads\\N.E\\לימודים\\שנה ג\\finalProjectE\\backend\\routes\\restApiRoutes.ts","statementMap":{"0":{"start":{"line":1,"column":0},"end":{"line":1,"column":30}},"1":{"start":{"line":2,"column":0},"end":{"line":2,"column":65}},"2":{"start":{"line":3,"column":0},"end":{"line":3,"column":60}},"3":{"start":{"line":6,"column":15},"end":{"line":6,"column":31}},"4":{"start":{"line":8,"column":0},"end":{"line":8,"column":57}},"5":{"start":{"line":9,"column":0},"end":{"line":9,"column":84}},"6":{"start":{"line":11,"column":0},"end":{"line":11,"column":22}}},"fnMap":{},"branchMap":{},"s":{"0":3,"1":3,"2":3,"3":3,"4":3,"5":3,"6":3},"f":{},"b":{}}
}
