TN:
SF:server.ts
FN:57,(anonymous_1)
FN:58,(anonymous_2)
FN:61,(anonymous_3)
FN:62,(anonymous_4)
FN:68,(anonymous_5)
FN:70,(anonymous_6)
FNF:6
FNH:4
FNDA:0,(anonymous_1)
FNDA:3,(anonymous_2)
FNDA:3,(anonymous_3)
FNDA:3,(anonymous_4)
FNDA:3,(anonymous_5)
FNDA:0,(anonymous_6)
DA:1,3
DA:2,3
DA:3,3
DA:4,3
DA:5,3
DA:6,3
DA:7,3
DA:8,3
DA:9,3
DA:10,3
DA:11,3
DA:13,3
DA:14,3
DA:15,3
DA:17,3
DA:24,3
DA:25,3
DA:26,3
DA:27,3
DA:28,3
DA:29,3
DA:30,3
DA:31,3
DA:32,3
DA:37,3
DA:38,0
DA:51,0
DA:52,0
DA:56,3
DA:57,3
DA:58,3
DA:61,3
DA:62,3
DA:63,3
DA:64,0
DA:67,3
DA:69,3
DA:71,0
DA:76,3
LF:39
LH:34
BRDA:37,0,0,0
BRDA:63,1,0,0
BRDA:63,1,1,3
BRF:3
BRH:1
end_of_record
TN:
SF:controller\authController.ts
FN:10,(anonymous_8)
FN:10,(anonymous_9)
FN:47,(anonymous_10)
FN:71,(anonymous_11)
FN:71,(anonymous_12)
FN:132,(anonymous_13)
FN:132,(anonymous_14)
FN:145,(anonymous_15)
FN:161,(anonymous_16)
FN:162,(anonymous_17)
FN:173,(anonymous_18)
FN:173,(anonymous_19)
FN:209,(anonymous_20)
FN:209,(anonymous_21)
FN:225,(anonymous_22)
FN:225,(anonymous_23)
FN:264,(anonymous_24)
FN:264,(anonymous_25)
FN:290,(anonymous_26)
FN:290,(anonymous_27)
FNF:20
FNH:20
FNDA:6,(anonymous_8)
FNDA:6,(anonymous_9)
FNDA:10,(anonymous_10)
FNDA:11,(anonymous_11)
FNDA:11,(anonymous_12)
FNDA:20,(anonymous_13)
FNDA:20,(anonymous_14)
FNDA:18,(anonymous_15)
FNDA:4,(anonymous_16)
FNDA:4,(anonymous_17)
FNDA:3,(anonymous_18)
FNDA:3,(anonymous_19)
FNDA:1,(anonymous_20)
FNDA:1,(anonymous_21)
FNDA:3,(anonymous_22)
FNDA:3,(anonymous_23)
FNDA:2,(anonymous_24)
FNDA:2,(anonymous_25)
FNDA:1,(anonymous_26)
FNDA:1,(anonymous_27)
DA:2,3
DA:4,3
DA:6,3
DA:10,6
DA:11,6
DA:12,6
DA:13,6
DA:14,6
DA:15,6
DA:16,6
DA:18,6
DA:19,5
DA:22,1
DA:24,6
DA:25,6
DA:26,1
DA:27,1
DA:29,5
DA:30,5
DA:37,3
DA:39,2
DA:47,3
DA:48,10
DA:49,0
DA:52,10
DA:53,10
DA:60,10
DA:66,10
DA:71,11
DA:72,11
DA:73,11
DA:74,11
DA:75,11
DA:76,11
DA:78,11
DA:79,1
DA:80,1
DA:83,10
DA:84,10
DA:85,1
DA:86,1
DA:88,9
DA:89,1
DA:90,1
DA:92,8
DA:93,8
DA:94,0
DA:95,0
DA:97,8
DA:98,0
DA:100,8
DA:101,8
DA:102,8
DA:109,8
DA:124,0
DA:125,0
DA:132,20
DA:133,20
DA:134,20
DA:135,20
DA:136,1
DA:137,1
DA:139,19
DA:140,1
DA:141,1
DA:145,18
DA:147,18
DA:148,2
DA:149,2
DA:151,16
DA:152,16
DA:161,3
DA:162,4
DA:164,4
DA:165,1
DA:166,1
DA:169,3
DA:170,0
DA:171,0
DA:173,3
DA:174,3
DA:175,0
DA:176,0
DA:179,3
DA:180,3
DA:182,3
DA:183,3
DA:184,0
DA:185,0
DA:187,3
DA:188,0
DA:189,0
DA:190,0
DA:191,0
DA:201,3
DA:203,0
DA:204,0
DA:209,3
DA:210,1
DA:211,1
DA:212,1
DA:213,0
DA:214,0
DA:216,1
DA:217,1
DA:218,1
DA:220,1
DA:222,0
DA:225,3
DA:226,3
DA:227,3
DA:228,3
DA:229,1
DA:230,1
DA:231,1
DA:233,2
DA:234,2
DA:235,0
DA:236,0
DA:238,2
DA:239,2
DA:240,0
DA:241,0
DA:243,2
DA:244,0
DA:251,2
DA:252,2
DA:260,0
DA:264,3
DA:265,2
DA:266,2
DA:267,2
DA:268,0
DA:269,0
DA:271,2
DA:273,2
DA:276,1
DA:277,0
DA:279,1
DA:280,1
DA:281,1
DA:286,1
DA:290,3
DA:291,1
DA:292,1
DA:293,1
DA:295,0
DA:300,3
LF:148
LH:117
BRDA:16,0,0,0
BRDA:16,0,1,6
BRDA:18,1,0,5
BRDA:18,1,1,1
BRDA:25,2,0,1
BRDA:48,3,0,0
BRDA:78,4,0,1
BRDA:78,4,1,10
BRDA:84,5,0,1
BRDA:88,6,0,1
BRDA:93,7,0,0
BRDA:97,8,0,0
BRDA:134,9,0,20
BRDA:134,9,1,19
BRDA:135,10,0,1
BRDA:139,11,0,1
BRDA:147,12,0,2
BRDA:164,13,0,1
BRDA:169,14,0,0
BRDA:174,15,0,0
BRDA:183,16,0,0
BRDA:187,17,0,0
BRDA:187,18,0,3
BRDA:187,18,1,3
BRDA:212,19,0,0
BRDA:228,20,0,1
BRDA:234,21,0,0
BRDA:239,22,0,0
BRDA:243,23,0,0
BRDA:267,24,0,0
BRDA:273,25,0,1
BRDA:276,26,0,0
BRF:32
BRH:18
end_of_record
TN:
SF:controller\commentController.ts
FN:4,(anonymous_8)
FN:4,(anonymous_9)
FN:14,(anonymous_10)
FN:14,(anonymous_11)
FN:30,(anonymous_12)
FN:30,(anonymous_13)
FN:48,(anonymous_14)
FN:48,(anonymous_15)
FN:61,(anonymous_16)
FN:61,(anonymous_17)
FN:76,(anonymous_18)
FN:76,(anonymous_19)
FNF:12
FNH:12
FNDA:1,(anonymous_8)
FNDA:1,(anonymous_9)
FNDA:3,(anonymous_10)
FNDA:3,(anonymous_11)
FNDA:2,(anonymous_12)
FNDA:2,(anonymous_13)
FNDA:1,(anonymous_14)
FNDA:1,(anonymous_15)
FNDA:1,(anonymous_16)
FNDA:1,(anonymous_17)
FNDA:1,(anonymous_18)
FNDA:1,(anonymous_19)
DA:1,3
DA:4,3
DA:5,1
DA:6,1
DA:7,1
DA:8,1
DA:10,0
DA:14,3
DA:15,3
DA:16,3
DA:17,1
DA:18,1
DA:21,2
DA:22,2
DA:23,2
DA:25,0
DA:30,3
DA:31,2
DA:32,2
DA:33,2
DA:34,2
DA:35,2
DA:36,2
DA:38,2
DA:39,1
DA:41,2
DA:44,1
DA:48,3
DA:49,1
DA:50,1
DA:51,1
DA:52,1
DA:53,0
DA:55,1
DA:57,0
DA:61,3
DA:62,1
DA:63,1
DA:64,1
DA:65,1
DA:66,0
DA:70,1
DA:73,0
DA:76,3
DA:77,1
DA:78,1
DA:79,1
DA:80,1
DA:81,1
DA:82,1
DA:83,1
DA:84,0
DA:88,1
DA:92,0
DA:95,3
LF:55
LH:47
BRDA:16,0,0,1
BRDA:16,0,1,2
BRDA:38,1,0,1
BRDA:52,2,0,0
BRDA:65,3,0,0
BRDA:65,3,1,1
BRDA:78,4,0,1
BRDA:78,4,1,1
BRDA:79,5,0,1
BRDA:79,5,1,1
BRDA:83,6,0,0
BRDA:83,6,1,1
BRF:12
BRH:9
end_of_record
TN:
SF:controller\postController.ts
FN:5,(anonymous_8)
FN:5,(anonymous_9)
FN:18,(anonymous_10)
FN:18,(anonymous_11)
FN:44,(anonymous_12)
FN:44,(anonymous_13)
FN:60,(anonymous_14)
FN:60,(anonymous_15)
FN:87,(anonymous_16)
FN:87,(anonymous_17)
FN:99,(anonymous_18)
FN:99,(anonymous_19)
FN:124,(anonymous_20)
FN:124,(anonymous_21)
FNF:14
FNH:14
FNDA:5,(anonymous_8)
FNDA:5,(anonymous_9)
FNDA:3,(anonymous_10)
FNDA:3,(anonymous_11)
FNDA:2,(anonymous_12)
FNDA:2,(anonymous_13)
FNDA:2,(anonymous_14)
FNDA:2,(anonymous_15)
FNDA:1,(anonymous_16)
FNDA:1,(anonymous_17)
FNDA:3,(anonymous_18)
FNDA:3,(anonymous_19)
FNDA:1,(anonymous_20)
FNDA:1,(anonymous_21)
DA:2,3
DA:3,3
DA:5,5
DA:7,5
DA:8,5
DA:9,5
DA:10,5
DA:11,5
DA:12,4
DA:14,1
DA:18,3
DA:19,3
DA:20,3
DA:21,3
DA:22,3
DA:23,3
DA:25,1
DA:26,1
DA:30,2
DA:32,2
DA:36,2
DA:37,2
DA:39,0
DA:44,3
DA:45,2
DA:46,2
DA:47,2
DA:48,2
DA:49,1
DA:53,1
DA:56,0
DA:60,3
DA:61,2
DA:62,2
DA:63,2
DA:64,0
DA:65,2
DA:67,2
DA:74,1
DA:75,0
DA:79,1
DA:82,1
DA:87,3
DA:88,1
DA:89,1
DA:90,1
DA:91,1
DA:92,0
DA:94,1
DA:96,0
DA:99,3
DA:100,3
DA:101,3
DA:102,3
DA:104,3
DA:105,3
DA:106,2
DA:107,0
DA:110,2
DA:111,1
DA:112,1
DA:116,1
DA:117,1
DA:118,1
DA:120,1
DA:124,3
DA:125,1
DA:126,1
DA:128,1
DA:129,1
DA:130,1
DA:131,0
DA:134,1
DA:135,1
DA:136,0
DA:139,1
DA:140,1
DA:141,1
DA:143,0
DA:148,3
LF:80
LH:70
BRDA:7,0,0,0
BRDA:7,0,1,5
BRDA:20,1,0,3
BRDA:20,1,1,3
BRDA:21,2,0,3
BRDA:21,2,1,3
BRDA:23,3,0,1
BRDA:23,3,1,2
BRDA:48,4,0,1
BRDA:48,4,1,1
BRDA:63,5,0,0
BRDA:74,6,0,0
BRDA:91,7,0,0
BRDA:106,8,0,0
BRDA:111,9,0,1
BRDA:130,10,0,0
BRDA:135,11,0,0
BRF:17
BRH:10
end_of_record
TN:
SF:controller\restApiController.ts
FN:13,(anonymous_8)
FN:13,(anonymous_9)
FN:51,(anonymous_10)
FN:51,(anonymous_11)
FN:63,(anonymous_12)
FNF:5
FNH:0
FNDA:0,(anonymous_8)
FNDA:0,(anonymous_9)
FNDA:0,(anonymous_10)
FNDA:0,(anonymous_11)
FNDA:0,(anonymous_12)
DA:2,3
DA:3,3
DA:4,3
DA:7,3
DA:9,3
DA:11,3
DA:13,3
DA:14,0
DA:15,0
DA:16,0
DA:21,0
DA:22,0
DA:23,0
DA:25,0
DA:27,0
DA:28,0
DA:29,0
DA:30,0
DA:33,0
DA:34,0
DA:35,0
DA:36,0
DA:37,0
DA:38,0
DA:39,0
DA:41,0
DA:42,0
DA:44,0
DA:51,3
DA:52,0
DA:53,0
DA:56,0
DA:58,0
DA:59,0
DA:63,0
DA:64,0
DA:71,0
DA:84,0
DA:87,0
DA:89,0
DA:91,0
DA:92,0
DA:98,3
LF:43
LH:9
BRDA:22,0,0,0
BRDA:28,1,0,0
BRDA:34,2,0,0
BRDA:38,3,0,0
BRDA:58,4,0,0
BRDA:84,5,0,0
BRDA:84,5,1,0
BRDA:84,6,0,0
BRDA:84,6,1,0
BRDA:84,7,0,0
BRDA:84,7,1,0
BRDA:84,8,0,0
BRDA:84,8,1,0
BRDA:84,9,0,0
BRDA:84,9,1,0
BRDA:84,10,0,0
BRDA:84,10,1,0
BRDA:84,11,0,0
BRDA:84,11,1,0
BRDA:84,12,0,0
BRDA:84,12,1,0
BRDA:84,13,0,0
BRDA:84,13,1,0
BRDA:87,14,0,0
BRDA:87,14,1,0
BRF:25
BRH:0
end_of_record
TN:
SF:model\comment.ts
FNF:0
FNH:0
DA:1,3
DA:2,3
DA:20,3
DA:21,3
LF:4
LH:4
BRF:0
BRH:0
end_of_record
TN:
SF:model\post.ts
FNF:0
FNH:0
DA:1,3
DA:3,3
DA:29,3
DA:30,3
LF:4
LH:4
BRF:0
BRH:0
end_of_record
TN:
SF:model\user.ts
FN:21,(anonymous_1)
FNF:1
FNH:1
FNDA:17,(anonymous_1)
DA:1,3
DA:13,3
DA:22,17
DA:44,3
DA:46,3
LF:5
LH:5
BRF:0
BRH:0
end_of_record
TN:
SF:routes\authRoutes.ts
FN:10,(anonymous_1)
FN:13,(anonymous_2)
FNF:2
FNH:0
FNDA:0,(anonymous_1)
FNDA:0,(anonymous_2)
DA:1,3
DA:2,3
DA:3,3
DA:4,3
DA:5,3
DA:9,3
DA:11,0
DA:14,0
DA:19,3
DA:88,3
DA:126,3
DA:164,3
DA:189,3
DA:214,3
DA:218,3
DA:219,3
LF:16
LH:14
BRF:0
BRH:0
end_of_record
TN:
SF:routes\commentRoutes.ts
FNF:0
FNH:0
DA:1,3
DA:2,3
DA:3,3
DA:5,3
DA:66,3
DA:86,3
DA:123,3
DA:148,3
DA:175,3
DA:178,3
DA:181,3
LF:11
LH:11
BRF:0
BRH:0
end_of_record
TN:
SF:routes\postRoutes.ts
FN:11,(anonymous_1)
FN:14,(anonymous_2)
FNF:2
FNH:0
FNDA:0,(anonymous_1)
FNDA:0,(anonymous_2)
DA:1,3
DA:2,3
DA:3,3
DA:4,3
DA:6,3
DA:7,3
DA:10,3
DA:12,0
DA:15,0
DA:20,3
DA:87,3
DA:108,3
DA:135,3
DA:172,3
DA:198,3
DA:222,3
DA:246,3
DA:248,3
LF:18
LH:16
BRF:0
BRH:0
end_of_record
TN:
SF:routes\restApiRoutes.ts
FNF:0
FNH:0
DA:1,3
DA:2,3
DA:3,3
DA:6,3
DA:8,3
DA:9,3
DA:11,3
LF:7
LH:7
BRF:0
BRH:0
end_of_record
