TN:
SF:server.ts
FN:39,(anonymous_1)
FN:40,(anonymous_2)
FN:43,(anonymous_3)
FN:44,(anonymous_4)
FN:50,(anonymous_5)
FN:52,(anonymous_6)
FNF:6
FNH:4
FNDA:0,(anonymous_1)
FNDA:3,(anonymous_2)
FNDA:3,(anonymous_3)
FNDA:3,(anonymous_4)
FNDA:3,(anonymous_5)
FNDA:0,(anonymous_6)
DA:1,3
DA:2,3
DA:3,3
DA:4,3
DA:5,3
DA:6,3
DA:7,3
DA:8,3
DA:9,3
DA:10,3
DA:11,3
DA:13,3
DA:14,3
DA:15,3
DA:16,3
DA:17,3
DA:19,3
DA:20,0
DA:33,0
DA:34,0
DA:38,3
DA:39,3
DA:40,3
DA:43,3
DA:44,3
DA:45,3
DA:46,0
DA:49,3
DA:51,3
DA:53,0
DA:58,3
LF:31
LH:26
BRDA:19,0,0,0
BRDA:45,1,0,0
BRDA:45,1,1,3
BRF:3
BRH:1
end_of_record
TN:
SF:controller\authController.ts
FN:8,(anonymous_8)
FN:8,(anonymous_9)
FN:44,(anonymous_10)
FN:68,(anonymous_11)
FN:68,(anonymous_12)
FN:119,(anonymous_13)
FN:119,(anonymous_14)
FN:132,(anonymous_15)
FN:148,(anonymous_16)
FN:149,(anonymous_17)
FN:160,(anonymous_18)
FN:160,(anonymous_19)
FN:180,(anonymous_20)
FN:191,(anonymous_21)
FN:191,(anonymous_22)
FN:205,(anonymous_23)
FN:205,(anonymous_24)
FN:234,(anonymous_25)
FN:234,(anonymous_26)
FNF:19
FNH:19
FNDA:6,(anonymous_8)
FNDA:6,(anonymous_9)
FNDA:9,(anonymous_10)
FNDA:9,(anonymous_11)
FNDA:9,(anonymous_12)
FNDA:18,(anonymous_13)
FNDA:18,(anonymous_14)
FNDA:17,(anonymous_15)
FNDA:8,(anonymous_16)
FNDA:8,(anonymous_17)
FNDA:8,(anonymous_18)
FNDA:8,(anonymous_19)
FNDA:8,(anonymous_20)
FNDA:1,(anonymous_21)
FNDA:1,(anonymous_22)
FNDA:5,(anonymous_23)
FNDA:5,(anonymous_24)
FNDA:3,(anonymous_25)
FNDA:3,(anonymous_26)
DA:2,3
DA:4,3
DA:6,3
DA:8,6
DA:9,6
DA:10,6
DA:11,6
DA:12,6
DA:13,6
DA:14,6
DA:16,6
DA:17,5
DA:20,1
DA:22,6
DA:23,6
DA:24,1
DA:25,1
DA:27,5
DA:28,5
DA:34,3
DA:36,2
DA:44,3
DA:45,9
DA:46,0
DA:49,9
DA:50,9
DA:57,9
DA:63,9
DA:68,9
DA:69,9
DA:70,9
DA:71,9
DA:72,9
DA:73,9
DA:75,9
DA:76,1
DA:77,1
DA:80,8
DA:81,8
DA:82,1
DA:83,1
DA:85,7
DA:86,0
DA:87,0
DA:89,7
DA:90,7
DA:91,0
DA:92,0
DA:94,7
DA:95,0
DA:97,7
DA:98,7
DA:99,7
DA:111,0
DA:112,0
DA:119,18
DA:120,18
DA:121,18
DA:122,18
DA:123,1
DA:124,1
DA:126,17
DA:127,0
DA:128,0
DA:132,17
DA:134,17
DA:135,1
DA:136,1
DA:138,16
DA:139,16
DA:148,3
DA:149,8
DA:151,8
DA:152,0
DA:153,0
DA:156,8
DA:157,0
DA:158,0
DA:160,8
DA:161,8
DA:162,1
DA:163,1
DA:166,7
DA:167,7
DA:169,7
DA:170,7
DA:171,0
DA:172,0
DA:174,7
DA:175,3
DA:176,3
DA:177,3
DA:178,3
DA:180,8
DA:181,4
DA:183,4
DA:185,0
DA:186,0
DA:191,3
DA:192,1
DA:193,1
DA:194,1
DA:195,0
DA:196,0
DA:198,1
DA:199,1
DA:200,1
DA:202,0
DA:205,5
DA:206,5
DA:207,5
DA:208,2
DA:209,0
DA:210,0
DA:212,2
DA:213,2
DA:214,0
DA:215,0
DA:217,2
DA:218,0
DA:220,2
DA:221,2
DA:222,2
DA:230,3
DA:234,3
DA:235,3
DA:236,3
DA:237,3
DA:238,3
DA:239,0
DA:240,0
DA:242,3
DA:243,0
DA:244,0
DA:246,3
DA:247,3
DA:249,2
DA:250,2
DA:251,2
DA:252,1
DA:257,2
DA:260,3
LF:142
LH:112
BRDA:16,0,0,5
BRDA:16,0,1,1
BRDA:23,1,0,1
BRDA:45,2,0,0
BRDA:75,3,0,1
BRDA:75,3,1,8
BRDA:81,4,0,1
BRDA:85,5,0,0
BRDA:90,6,0,0
BRDA:94,7,0,0
BRDA:121,8,0,18
BRDA:121,8,1,17
BRDA:122,9,0,1
BRDA:126,10,0,0
BRDA:134,11,0,1
BRDA:151,12,0,0
BRDA:156,13,0,0
BRDA:161,14,0,1
BRDA:170,15,0,0
BRDA:174,16,0,3
BRDA:174,17,0,7
BRDA:174,17,1,7
BRDA:194,18,0,0
BRDA:208,19,0,0
BRDA:213,20,0,0
BRDA:217,21,0,0
BRDA:238,22,0,0
BRDA:242,23,0,0
BRDA:247,24,0,2
BRF:29
BRH:15
end_of_record
TN:
SF:controller\commentController.ts
FN:4,(anonymous_8)
FN:4,(anonymous_9)
FN:14,(anonymous_10)
FN:14,(anonymous_11)
FN:30,(anonymous_12)
FN:30,(anonymous_13)
FN:46,(anonymous_14)
FN:46,(anonymous_15)
FN:59,(anonymous_16)
FN:59,(anonymous_17)
FNF:10
FNH:10
FNDA:1,(anonymous_8)
FNDA:1,(anonymous_9)
FNDA:3,(anonymous_10)
FNDA:3,(anonymous_11)
FNDA:2,(anonymous_12)
FNDA:2,(anonymous_13)
FNDA:1,(anonymous_14)
FNDA:1,(anonymous_15)
FNDA:1,(anonymous_16)
FNDA:1,(anonymous_17)
DA:1,3
DA:4,3
DA:5,1
DA:6,1
DA:7,1
DA:8,1
DA:10,0
DA:14,3
DA:15,3
DA:16,3
DA:17,1
DA:18,1
DA:21,2
DA:22,2
DA:23,2
DA:25,0
DA:30,3
DA:31,2
DA:32,2
DA:33,2
DA:34,2
DA:36,2
DA:37,1
DA:39,2
DA:42,1
DA:46,3
DA:47,1
DA:48,1
DA:49,1
DA:50,1
DA:51,0
DA:53,1
DA:55,0
DA:59,3
DA:60,1
DA:61,1
DA:62,1
DA:63,1
DA:64,0
DA:68,1
DA:71,0
DA:74,3
LF:42
LH:36
BRDA:16,0,0,1
BRDA:16,0,1,2
BRDA:36,1,0,1
BRDA:50,2,0,0
BRDA:63,3,0,0
BRDA:63,3,1,1
BRF:6
BRH:4
end_of_record
TN:
SF:controller\postController.ts
FN:5,(anonymous_8)
FN:5,(anonymous_9)
FN:15,(anonymous_10)
FN:15,(anonymous_11)
FN:32,(anonymous_12)
FN:32,(anonymous_13)
FN:48,(anonymous_14)
FN:48,(anonymous_15)
FN:73,(anonymous_16)
FN:73,(anonymous_17)
FN:85,(anonymous_18)
FN:85,(anonymous_19)
FN:113,(anonymous_20)
FN:113,(anonymous_21)
FNF:14
FNH:14
FNDA:5,(anonymous_8)
FNDA:5,(anonymous_9)
FNDA:3,(anonymous_10)
FNDA:3,(anonymous_11)
FNDA:2,(anonymous_12)
FNDA:2,(anonymous_13)
FNDA:2,(anonymous_14)
FNDA:2,(anonymous_15)
FNDA:1,(anonymous_16)
FNDA:1,(anonymous_17)
FNDA:3,(anonymous_18)
FNDA:3,(anonymous_19)
FNDA:1,(anonymous_20)
FNDA:1,(anonymous_21)
DA:2,3
DA:3,3
DA:5,5
DA:6,5
DA:7,5
DA:8,5
DA:9,4
DA:11,1
DA:15,3
DA:16,3
DA:17,3
DA:19,1
DA:20,1
DA:23,2
DA:24,2
DA:25,2
DA:27,0
DA:32,3
DA:33,2
DA:34,2
DA:35,2
DA:36,2
DA:37,1
DA:41,1
DA:44,0
DA:48,3
DA:49,2
DA:51,2
DA:53,2
DA:60,1
DA:61,0
DA:65,1
DA:68,1
DA:73,3
DA:74,1
DA:75,1
DA:76,1
DA:77,1
DA:78,0
DA:80,1
DA:82,0
DA:85,3
DA:86,3
DA:87,3
DA:88,3
DA:89,3
DA:90,3
DA:91,2
DA:92,0
DA:95,2
DA:96,1
DA:97,1
DA:100,2
DA:101,1
DA:102,1
DA:104,1
DA:105,1
DA:106,1
DA:110,1
DA:113,3
DA:114,1
DA:115,1
DA:116,1
DA:117,1
DA:118,0
DA:119,0
DA:122,1
DA:123,1
DA:124,1
DA:125,1
DA:126,1
DA:127,1
DA:134,0
DA:138,3
LF:74
LH:65
BRDA:17,0,0,1
BRDA:17,0,1,2
BRDA:36,1,0,1
BRDA:36,1,1,1
BRDA:60,2,0,0
BRDA:77,3,0,0
BRDA:91,4,0,0
BRDA:91,4,1,2
BRDA:96,5,0,1
BRDA:100,6,0,1
BRDA:117,7,0,0
BRDA:117,7,1,1
BRDA:123,8,0,1
BRF:13
BRH:9
end_of_record
TN:
SF:model\comment.ts
FNF:0
FNH:0
DA:1,3
DA:2,3
DA:15,3
DA:16,3
LF:4
LH:4
BRF:0
BRH:0
end_of_record
TN:
SF:model\post.ts
FNF:0
FNH:0
DA:1,3
DA:3,3
DA:21,3
DA:22,3
LF:4
LH:4
BRF:0
BRH:0
end_of_record
TN:
SF:model\user.ts
FNF:0
FNH:0
DA:1,3
DA:12,3
DA:36,3
DA:38,3
LF:4
LH:4
BRF:0
BRH:0
end_of_record
TN:
SF:routes\authRoutes.ts
FNF:0
FNH:0
DA:1,3
DA:2,3
DA:3,3
DA:71,3
DA:109,3
DA:147,3
DA:172,3
DA:197,3
DA:198,3
LF:9
LH:9
BRF:0
BRH:0
end_of_record
TN:
SF:routes\commentRoutes.ts
FNF:0
FNH:0
DA:1,3
DA:2,3
DA:3,3
DA:5,3
DA:66,3
DA:86,3
DA:123,3
DA:148,3
DA:175,3
DA:178,3
LF:10
LH:10
BRF:0
BRH:0
end_of_record
TN:
SF:routes\postRoutes.ts
FNF:0
FNH:0
DA:1,3
DA:2,3
DA:3,3
DA:4,3
DA:71,3
DA:92,3
DA:119,3
DA:156,3
DA:182,3
DA:206,3
DA:230,3
DA:232,3
LF:12
LH:12
BRF:0
BRH:0
end_of_record
