TN:
SF:server.ts
FN:39,(anonymous_1)
FN:40,(anonymous_2)
FN:43,(anonymous_3)
FN:44,(anonymous_4)
FN:50,(anonymous_5)
FN:52,(anonymous_6)
FNF:6
FNH:4
FNDA:0,(anonymous_1)
FNDA:3,(anonymous_2)
FNDA:3,(anonymous_3)
FNDA:3,(anonymous_4)
FNDA:3,(anonymous_5)
FNDA:0,(anonymous_6)
DA:1,3
DA:2,3
DA:3,3
DA:4,3
DA:5,3
DA:6,3
DA:7,3
DA:8,3
DA:9,3
DA:10,3
DA:11,3
DA:13,3
DA:14,3
DA:15,3
DA:16,3
DA:17,3
DA:19,3
DA:20,0
DA:33,0
DA:34,0
DA:38,3
DA:39,3
DA:40,3
DA:43,3
DA:44,3
DA:45,3
DA:46,0
DA:49,3
DA:51,3
DA:53,0
DA:58,3
LF:31
LH:26
BRDA:19,0,0,0
BRDA:45,1,0,0
BRDA:45,1,1,3
BRF:3
BRH:1
end_of_record
TN:
SF:controller\authController.ts
FN:8,(anonymous_8)
FN:8,(anonymous_9)
FN:40,(anonymous_10)
FN:64,(anonymous_11)
FN:64,(anonymous_12)
FN:115,(anonymous_13)
FN:115,(anonymous_14)
FN:129,(anonymous_15)
FN:145,(anonymous_16)
FN:146,(anonymous_17)
FN:157,(anonymous_18)
FN:157,(anonymous_19)
FN:177,(anonymous_20)
FN:188,(anonymous_21)
FN:188,(anonymous_22)
FN:202,(anonymous_23)
FN:202,(anonymous_24)
FNF:17
FNH:17
FNDA:5,(anonymous_8)
FNDA:5,(anonymous_9)
FNDA:8,(anonymous_10)
FNDA:7,(anonymous_11)
FNDA:7,(anonymous_12)
FNDA:10,(anonymous_13)
FNDA:10,(anonymous_14)
FNDA:9,(anonymous_15)
FNDA:6,(anonymous_16)
FNDA:6,(anonymous_17)
FNDA:6,(anonymous_18)
FNDA:6,(anonymous_19)
FNDA:5,(anonymous_20)
FNDA:1,(anonymous_21)
FNDA:1,(anonymous_22)
FNDA:6,(anonymous_23)
FNDA:6,(anonymous_24)
DA:2,3
DA:4,3
DA:6,3
DA:8,5
DA:9,5
DA:10,5
DA:11,5
DA:12,5
DA:14,5
DA:15,4
DA:18,1
DA:20,5
DA:21,5
DA:22,1
DA:23,1
DA:25,4
DA:26,4
DA:30,2
DA:32,2
DA:40,3
DA:41,8
DA:42,0
DA:45,8
DA:46,8
DA:53,8
DA:59,8
DA:64,7
DA:65,7
DA:66,7
DA:67,7
DA:68,7
DA:69,7
DA:71,7
DA:72,1
DA:73,1
DA:76,6
DA:77,6
DA:78,1
DA:79,1
DA:81,5
DA:82,0
DA:83,0
DA:85,5
DA:86,5
DA:87,0
DA:88,0
DA:90,5
DA:91,0
DA:93,5
DA:94,5
DA:95,5
DA:107,0
DA:108,0
DA:115,10
DA:116,10
DA:117,10
DA:118,10
DA:119,10
DA:120,1
DA:121,1
DA:123,9
DA:124,0
DA:125,0
DA:129,9
DA:131,9
DA:132,4
DA:133,4
DA:135,5
DA:136,5
DA:145,3
DA:146,6
DA:148,6
DA:149,0
DA:150,0
DA:153,6
DA:154,0
DA:155,0
DA:157,6
DA:158,6
DA:159,0
DA:160,0
DA:163,6
DA:164,6
DA:166,6
DA:167,6
DA:168,0
DA:169,0
DA:171,6
DA:172,3
DA:173,3
DA:174,3
DA:175,3
DA:177,5
DA:178,3
DA:180,3
DA:182,0
DA:183,0
DA:188,3
DA:189,1
DA:190,1
DA:191,1
DA:192,0
DA:193,0
DA:195,1
DA:196,1
DA:197,1
DA:199,0
DA:202,6
DA:203,6
DA:204,6
DA:205,3
DA:206,0
DA:207,0
DA:209,3
DA:210,3
DA:211,0
DA:212,0
DA:214,3
DA:215,0
DA:217,3
DA:218,3
DA:219,3
DA:227,3
DA:230,3
LF:124
LH:96
BRDA:14,0,0,4
BRDA:14,0,1,1
BRDA:21,1,0,1
BRDA:41,2,0,0
BRDA:71,3,0,1
BRDA:71,3,1,6
BRDA:77,4,0,1
BRDA:81,5,0,0
BRDA:86,6,0,0
BRDA:90,7,0,0
BRDA:117,8,0,10
BRDA:117,8,1,9
BRDA:119,9,0,1
BRDA:123,10,0,0
BRDA:131,11,0,4
BRDA:148,12,0,0
BRDA:153,13,0,0
BRDA:158,14,0,0
BRDA:167,15,0,0
BRDA:171,16,0,3
BRDA:171,17,0,6
BRDA:171,17,1,6
BRDA:191,18,0,0
BRDA:205,19,0,0
BRDA:210,20,0,0
BRDA:214,21,0,0
BRF:26
BRH:13
end_of_record
TN:
SF:controller\commentController.ts
FN:4,(anonymous_8)
FN:4,(anonymous_9)
FN:14,(anonymous_10)
FN:14,(anonymous_11)
FN:30,(anonymous_12)
FN:30,(anonymous_13)
FN:46,(anonymous_14)
FN:46,(anonymous_15)
FN:59,(anonymous_16)
FN:59,(anonymous_17)
FNF:10
FNH:0
FNDA:0,(anonymous_8)
FNDA:0,(anonymous_9)
FNDA:0,(anonymous_10)
FNDA:0,(anonymous_11)
FNDA:0,(anonymous_12)
FNDA:0,(anonymous_13)
FNDA:0,(anonymous_14)
FNDA:0,(anonymous_15)
FNDA:0,(anonymous_16)
FNDA:0,(anonymous_17)
DA:1,3
DA:4,3
DA:5,0
DA:6,0
DA:7,0
DA:8,0
DA:10,0
DA:14,3
DA:15,0
DA:16,0
DA:17,0
DA:18,0
DA:21,0
DA:22,0
DA:23,0
DA:25,0
DA:30,3
DA:31,0
DA:32,0
DA:33,0
DA:34,0
DA:36,0
DA:37,0
DA:39,0
DA:42,0
DA:46,3
DA:47,0
DA:48,0
DA:49,0
DA:50,0
DA:51,0
DA:53,0
DA:55,0
DA:59,3
DA:60,0
DA:61,0
DA:62,0
DA:63,0
DA:64,0
DA:68,0
DA:71,0
DA:74,3
LF:42
LH:7
BRDA:16,0,0,0
BRDA:16,0,1,0
BRDA:36,1,0,0
BRDA:50,2,0,0
BRDA:63,3,0,0
BRDA:63,3,1,0
BRF:6
BRH:0
end_of_record
TN:
SF:controller\postController.ts
FN:5,(anonymous_8)
FN:5,(anonymous_9)
FN:15,(anonymous_10)
FN:15,(anonymous_11)
FN:32,(anonymous_12)
FN:32,(anonymous_13)
FN:48,(anonymous_14)
FN:48,(anonymous_15)
FN:73,(anonymous_16)
FN:73,(anonymous_17)
FNF:10
FNH:8
FNDA:3,(anonymous_8)
FNDA:3,(anonymous_9)
FNDA:3,(anonymous_10)
FNDA:3,(anonymous_11)
FNDA:1,(anonymous_12)
FNDA:1,(anonymous_13)
FNDA:2,(anonymous_14)
FNDA:2,(anonymous_15)
FNDA:0,(anonymous_16)
FNDA:0,(anonymous_17)
DA:2,3
DA:3,3
DA:5,3
DA:6,3
DA:7,3
DA:8,3
DA:9,3
DA:11,0
DA:15,3
DA:16,3
DA:17,3
DA:19,1
DA:20,1
DA:23,2
DA:24,2
DA:25,2
DA:27,0
DA:32,3
DA:33,1
DA:34,1
DA:35,1
DA:36,1
DA:37,0
DA:41,1
DA:44,0
DA:48,3
DA:49,2
DA:51,2
DA:53,2
DA:60,1
DA:61,0
DA:65,1
DA:68,1
DA:73,3
DA:74,0
DA:75,0
DA:76,0
DA:77,0
DA:78,0
DA:80,0
DA:82,0
DA:86,3
LF:42
LH:30
BRDA:17,0,0,1
BRDA:17,0,1,2
BRDA:36,1,0,0
BRDA:36,1,1,1
BRDA:60,2,0,0
BRDA:77,3,0,0
BRF:6
BRH:3
end_of_record
TN:
SF:model\comment.ts
FNF:0
FNH:0
DA:1,3
DA:2,3
DA:15,3
DA:16,3
LF:4
LH:4
BRF:0
BRH:0
end_of_record
TN:
SF:model\post.ts
FNF:0
FNH:0
DA:1,3
DA:3,3
DA:17,3
DA:18,3
LF:4
LH:4
BRF:0
BRH:0
end_of_record
TN:
SF:model\user.ts
FNF:0
FNH:0
DA:1,3
DA:10,3
DA:26,3
DA:28,3
LF:4
LH:4
BRF:0
BRH:0
end_of_record
TN:
SF:routes\authRoutes.ts
FNF:0
FNH:0
DA:1,3
DA:2,3
DA:3,3
DA:71,3
DA:109,3
DA:147,3
DA:172,3
DA:173,3
LF:8
LH:8
BRF:0
BRH:0
end_of_record
TN:
SF:routes\commentRoutes.ts
FNF:0
FNH:0
DA:1,3
DA:2,3
DA:3,3
DA:5,3
DA:66,3
DA:86,3
DA:123,3
DA:148,3
DA:175,3
DA:178,3
LF:10
LH:10
BRF:0
BRH:0
end_of_record
TN:
SF:routes\postRoutes.ts
FNF:0
FNH:0
DA:1,3
DA:2,3
DA:3,3
DA:4,3
DA:71,3
DA:92,3
DA:119,3
DA:156,3
DA:182,3
DA:184,3
LF:10
LH:10
BRF:0
BRH:0
end_of_record
